3947
0 1 1 5
0 7 1 11
0 14 0 23
0 26 3 27
0 28 2 30
0 32 2 34
0 35 0 44
0 45 0 55
0 57 0 67
0 69 0 76
0 79 0 86
0 88 0 97
0 99 2 102
0 104 0 112
0 117 3 118
0 120 0 130
0 134 0 143
0 144 0 151
0 155 0 164
0 165 2 168
0 171 0 180
0 182 1 186
0 193 4 194
0 195 0 205
0 211 0 219
0 225 0 234
0 235 0 244
0 246 3 248
0 249 9 249
1 14 9 14
1 15 4 16
1 17 1 25
1 35 1 42
1 46 3 48
1 49 3 52
1 54 2 57
1 59 1 66
1 67 5 68
1 79 2 83
1 88 1 98
1 103 2 107
1 112 2 116
1 119 2 122
1 124 3 126
1 128 2 132
1 135 1 142
1 149 1 158
1 159 3 161
1 162 3 164
1 171 1 178
1 188 3 191
1 195 10 195
1 196 10 196
1 197 9 197
1 198 9 198
1 199 8 199
1 200 1 209
1 211 1 221
1 226 1 236
1 238 3 240
1 241 2 245
2 7 10 7
2 8 10 8
2 17 4 19
2 20 3 25
2 35 2 43
2 45 12 45
2 61 5 63
2 64 6 65
2 66 10 66
2 69 2 78
2 85 2 95
2 141 2 149
2 154 4 156
2 171 4 173
2 174 4 176
2 178 6 179
2 180 3 185
2 186 6 187
2 200 11 200
2 207 7 208
2 211 3 215
2 221 3 226
2 230 2 237
3 1 4 6
3 10 5 13
3 28 3 35
3 38 5 40
3 42 8 43
3 57 4 60
3 70 4 75
3 81 3 89
3 91 5 93
3 102 3 111
3 119 5 122
3 128 11 128
3 129 3 139
3 140 12 140
3 141 3 150
3 202 4 206
3 209 7 210
3 216 4 219
3 229 3 236
4 20 7 22
4 23 5 28
4 30 5 35
4 44 12 44
4 47 4 56
4 80 14 80
4 81 12 81
4 85 5 90
4 95 5 100
4 102 14 102
4 104 4 114
4 115 5 118
4 123 5 126
4 129 4 138
4 141 4 151
4 160 8 161
4 162 5 166
4 167 7 168
4 180 5 185
4 188 5 192
4 211 5 215
4 223 7 225
4 226 9 227
4 234 6 236
4 238 4 248
5 0 7 3
5 4 7 6
5 15 9 16
5 17 9 18
5 46 8 48
5 50 5 60
5 70 5 78
5 103 5 113
5 129 8 130
5 131 6 136
5 137 7 139
5 145 5 153
5 154 6 158
5 169 6 174
5 176 13 176
5 203 8 205
5 229 6 233
5 238 5 245
5 248 15 248
6 10 16 10
6 11 16 11
6 26 6 36
6 37 8 40
6 49 6 56
6 58 7 63
6 67 8 69
6 90 7 95
6 96 8 99
6 103 10 104
6 105 15 105
6 106 16 106
6 108 9 109
6 110 6 120
6 124 8 127
6 145 6 152
6 153 16 153
6 162 8 165
6 213 9 214
6 215 16 215
6 216 7 221
6 241 8 244
6 247 14 247
7 24 7 34
7 49 7 57
7 70 8 75
7 76 8 79
7 82 8 86
7 107 16 107
7 110 8 114
7 115 8 120
7 133 8 136
7 142 7 150
7 154 8 158
7 171 8 175
7 177 7 184
7 188 9 190
7 191 9 194
7 228 14 228
7 229 7 239
7 240 14 240
7 245 10 246
8 4 10 6
8 22 8 31
8 33 10 35
8 49 8 56
8 57 8 65
8 142 8 152
8 178 8 187
8 211 13 212
8 216 10 218
8 220 10 223
8 224 13 225
8 229 18 229
8 230 12 231
8 234 9 239
9 0 12 1
9 23 9 30
9 37 10 41
9 46 12 48
9 49 9 57
9 61 12 62
9 63 13 64
9 69 9 79
9 82 9 92
9 93 10 97
9 99 17 99
9 100 13 101
9 113 10 116
9 118 9 126
9 129 10 132
9 133 10 137
9 142 13 143
9 144 13 145
9 147 12 148
9 149 11 152
9 154 13 155
9 159 9 166
9 170 18 170
9 171 10 175
9 178 9 186
9 201 9 210
9 241 12 242
9 243 18 243
10 14 10 22
10 23 10 32
10 36 20 36
10 49 10 59
10 67 11 70
10 72 11 77
10 82 10 89
10 108 20 108
10 109 18 109
10 118 10 125
10 158 19 158
10 159 10 167
10 169 19 169
10 178 10 187
10 189 12 192
10 193 20 193
10 201 10 208
10 233 14 234
11 2 15 3
11 13 11 23
11 24 12 28
11 31 12 35
11 37 12 42
11 49 11 58
11 59 15 60
11 65 21 65
11 82 11 89
11 93 20 93
11 94 12 98
11 104 20 104
11 116 19 116
11 117 16 118
11 119 19 119
11 120 12 124
11 129 12 134
11 137 14 139
11 156 21 156
11 157 19 157
11 159 11 168
11 171 12 175
11 177 14 178
11 179 12 183
11 195 18 195
11 196 19 196
11 197 20 197
11 198 15 199
11 201 11 210
11 213 16 214
11 244 19 244
11 249 19 249
12 4 13 8
12 13 12 21
12 49 13 53
12 56 15 57
12 66 20 66
12 67 22 67
12 68 13 73
12 75 14 77
12 83 13 88
12 110 13 114
12 159 15 161
12 162 13 165
12 202 12 209
12 217 20 217
12 218 21 218
12 222 22 222
12 235 14 238
12 245 19 245
12 246 22 246
13 16 13 23
13 28 14 33
13 39 13 48
13 95 15 97
13 120 13 128
13 131 14 135
13 146 14 150
13 167 18 168
13 171 21 171
13 172 20 172
13 183 13 192
13 201 13 208
13 221 20 221
13 223 20 223
14 4 24 4
14 5 18 6
14 7 17 9
14 18 14 26
14 39 14 46
14 47 14 54
14 83 14 91
14 111 16 114
14 120 14 127
14 152 23 152
14 162 18 163
14 183 14 191
14 201 14 210
14 219 19 220
15 14 18 15
15 16 19 17
15 18 24 18
15 21 15 29
15 37 16 40
15 42 17 44
15 45 15 55
15 63 20 64
15 72 17 75
15 78 17 81
15 86 16 90
15 91 18 92
15 100 17 102
15 120 17 122
15 125 15 133
15 134 18 135
15 136 15 145
15 147 16 151
15 154 19 155
15 165 20 166
15 174 23 174
15 177 15 184
15 200 16 204
15 206 19 207
15 208 17 211
15 231 15 241
16 0 18 3
16 12 26 12
16 19 23 19
16 20 24 20
16 21 16 30
16 35 24 35
16 45 18 47
16 50 16 57
16 69 19 71
16 83 20 84
16 96 19 97
16 98 25 98
16 110 26 110
16 124 17 127
16 128 20 129
16 130 19 132
16 137 16 145
16 159 19 160
16 176 16 186
16 188 18 190
16 224 18 227
16 230 23 230
16 231 16 241
17 21 17 29
17 31 20 33
17 34 26 34
17 50 17 57
17 60 19 62
17 85 26 85
17 86 26 86
17 87 19 90
17 95 26 95
17 111 19 113
17 114 21 115
17 137 18 141
17 142 18 147
17 175 17 182
17 183 18 187
17 198 19 200
17 202 20 204
17 212 18 216
17 231 17 240
17 247 20 248
18 7 19 10
18 11 26 11
18 21 18 29
18 37 18 44
18 50 18 59
18 72 18 82
18 99 25 99
18 101 20 103
18 120 20 122
18 176 19 180
18 209 23 210
18 233 18 242
19 13 27 13
19 21 19 29
19 37 26 37
19 38 21 41
19 42 21 44
19 47 21 49
19 50 19 59
19 72 19 79
19 80 24 81
19 94 26 94
19 106 23 107
19 124 21 127
19 142 20 146
19 167 28 167
19 168 27 168
19 175 27 175
19 185 19 192
19 194 28 194
19 212 23 213
19 224 22 225
19 226 21 228
19 229 29 229
19 233 21 236
19 238 24 239
20 1 23 3
20 6 21 10
20 15 22 17
20 21 22 23
20 50 20 59
20 70 23 72
20 87 21 92
20 111 22 113
20 118 30 118
20 134 21 139
20 147 24 148
20 149 23 151
20 157 20 164
20 176 20 186
20 240 21 244
21 24 22 28
21 29 22 32
21 50 21 58
21 82 23 84
21 96 29 96
21 97 29 97
21 100 25 101
21 102 23 105
21 117 31 117
21 143 23 145
21 163 23 165
21 173 31 173
21 176 30 176
21 177 30 177
21 183 25 184
21 185 22 189
21 190 24 191
21 192 26 193
21 195 21 204
21 215 25 216
21 249 31 249
22 39 22 47
22 54 23 58
22 61 23 66
22 74 25 75
22 77 25 79
22 88 24 91
22 119 27 120
22 121 24 123
22 124 22 133
22 134 22 141
22 154 22 161
22 169 26 170
22 171 26 172
22 179 24 182
22 197 23 201
22 202 23 207
22 242 24 244
22 247 27 248
23 0 33 0
23 5 24 10
23 14 27 15
23 21 23 30
23 38 24 43
23 45 32 45
23 46 25 49
23 92 27 93
23 108 26 109
23 113 25 115
23 124 26 126
23 127 23 136
23 154 23 161
23 186 24 189
23 219 23 227
23 228 32 228
23 231 33 231
23 232 24 237
23 245 26 246
24 21 25 26
24 28 25 33
24 51 24 61
24 63 24 70
24 104 25 107
24 127 27 128
24 134 24 143
24 157 31 157
24 158 24 166
24 196 29 197
24 202 33 202
24 203 25 207
24 209 25 214
24 217 24 227
24 230 32 230
25 1 26 4
25 5 26 10
25 38 26 43
25 55 27 58
25 67 26 72
25 87 28 89
25 129 26 133
25 134 26 137
25 138 26 141
25 143 25 153
25 158 29 159
25 162 26 166
25 186 26 190
25 232 26 236
26 17 30 18
26 19 27 24
26 25 27 28
26 51 28 54
26 60 27 65
26 73 26 82
26 98 26 107
26 111 27 116
26 142 27 145
26 146 26 156
26 178 27 182
26 200 34 200
26 201 36 201
26 203 33 203
26 204 27 208
26 209 27 213
26 215 26 224
26 240 28 243
26 244 34 244
27 2 27 9
27 29 28 33
27 34 27 44
27 46 29 48
27 66 28 71
27 73 29 75
27 81 28 86
27 90 31 91
27 94 31 95
27 98 36 98
27 99 29 102
27 104 28 108
27 129 27 138
27 146 27 155
27 161 31 162
27 163 28 166
27 190 29 193
27 217 27 225
27 232 32 233
27 235 29 238
28 3 29 6
28 14 31 16
28 19 28 27
28 34 29 39
28 40 30 43
28 55 29 58
28 60 29 64
28 79 32 80
28 112 35 112
28 113 33 114
28 115 32 116
28 119 30 122
28 124 38 124
28 125 38 125
28 126 33 127
28 128 36 128
28 129 33 130
28 131 38 131
28 132 31 133
28 134 31 136
28 137 31 139
28 140 29 143
28 147 32 148
28 149 35 149
28 180 28 189
28 204 30 207
28 208 28 215
28 217 31 218
28 219 31 220
28 221 35 221
28 222 38 222
28 223 29 227
28 248 38 248
29 1 32 2
29 8 30 12
29 19 29 28
29 66 30 70
29 84 30 89
29 105 30 110
29 123 39 123
29 151 30 156
29 166 30 171
29 181 30 186
29 208 30 213
29 214 31 216
29 245 32 246
29 247 39 247
30 24 32 26
30 27 35 28
30 29 30 38
30 48 39 48
30 49 39 49
30 50 34 51
30 52 30 62
30 71 33 72
30 73 31 77
30 99 39 99
30 100 32 103
30 160 39 160
30 189 30 198
30 223 35 224
30 225 32 227
30 236 39 236
31 4 31 13
31 17 32 21
31 22 41 22
31 29 32 34
31 36 31 44
31 46 35 47
31 52 31 60
31 62 33 64
31 66 32 70
31 81 35 82
31 84 32 87
31 96 35 97
31 104 41 104
31 105 33 108
31 119 34 120
31 142 35 143
31 144 36 145
31 150 38 150
31 151 40 151
31 152 40 152
31 163 31 171
31 176 32 179
31 180 38 180
31 181 41 181
31 182 41 182
31 183 40 183
31 184 32 187
31 188 40 188
31 189 35 190
31 192 34 194
31 195 32 199
31 206 31 213
31 234 39 234
31 238 32 243
32 4 32 13
32 35 32 44
32 52 32 60
32 73 33 77
32 90 33 95
32 111 39 111
32 132 32 141
32 156 34 159
32 162 37 163
32 164 36 165
32 167 32 175
32 205 32 214
32 235 42 235
33 4 33 12
33 13 33 20
33 31 36 32
33 34 35 37
33 38 35 40
33 53 34 56
33 57 36 58
33 60 40 60
33 84 35 87
33 103 41 103
33 110 43 110
33 132 34 137
33 153 35 155
33 167 33 175
33 184 43 184
33 185 37 186
33 187 40 187
33 195 35 198
33 205 42 205
33 207 42 207
33 209 33 219
33 237 40 237
33 238 35 240
33 245 38 246
33 249 43 249
34 0 36 2
34 3 44 3
34 4 36 7
34 13 42 13
34 16 36 18
34 19 36 21
34 23 36 26
34 43 44 43
34 62 35 65
34 66 36 68
34 69 43 69
34 70 34 79
34 88 35 92
34 93 42 93
34 94 43 94
34 95 44 95
34 100 38 101
34 105 35 109
34 146 44 146
34 147 44 147
34 148 42 148
34 166 35 171
34 173 38 174
34 175 38 176
34 202 36 204
34 208 34 217
34 227 36 229
34 233 43 233
35 9 39 10
35 11 39 12
35 50 36 54
35 70 35 80
35 116 39 117
35 118 36 121
35 132 35 139
35 158 39 159
35 177 38 178
35 212 35 219
36 8 46 8
36 14 39 15
36 34 38 36
36 39 46 39
36 40 38 42
36 44 44 44
36 45 41 46
36 70 37 74
36 76 37 80
36 81 45 81
36 82 36 92
36 96 41 97
36 105 38 107
36 126 39 127
36 132 36 141
36 156 39 157
36 190 36 200
36 208 37 213
36 218 38 221
36 223 46 223
36 224 45 224
36 225 40 226
36 238 37 243
37 5 45 5
37 6 46 6
37 7 44 7
37 16 41 17
37 19 39 21
37 26 38 29
37 50 41 51
37 52 44 52
37 53 45 53
37 54 44 54
37 56 38 59
37 61 38 66
37 67 45 67
37 68 44 68
37 82 37 89
37 91 40 92
37 115 46 115
37 128 40 130
37 132 38 136
37 138 40 139
37 141 40 143
37 153 39 155
37 168 45 168
37 171 41 172
37 190 39 192
37 194 37 203
37 229 38 232
38 23 40 25
38 55 45 55
38 73 38 80
38 82 40 84
38 85 39 89
38 109 46 109
38 113 48 113
38 114 46 114
38 121 43 122
38 144 41 145
38 149 48 149
38 162 39 166
38 167 47 167
38 169 41 170
38 185 42 186
38 200 39 204
38 206 46 206
38 208 38 217
38 239 39 243
39 0 42 2
39 26 39 34
39 36 43 37
39 38 46 38
39 61 43 62
39 70 46 70
39 71 48 71
39 72 48 72
39 74 43 75
39 76 41 78
39 132 40 136
39 175 41 178
39 195 41 198
39 209 39 219
39 232 48 232
40 18 41 21
40 26 40 35
40 41 45 42
40 47 48 47
40 56 42 59
40 73 50 73
40 99 49 99
40 100 43 102
40 106 43 108
40 117 42 120
40 123 47 123
40 124 47 124
40 125 48 125
40 153 40 161
40 209 40 217
40 227 47 227
40 228 49 228
40 229 50 229
40 230 50 230
40 239 40 247
41 10 43 12
41 26 42 31
41 48 46 49
41 63 42 66
41 79 45 80
41 82 41 90
41 126 48 126
41 127 42 131
41 132 41 142
41 153 41 161
41 165 49 165
41 166 51 166
41 187 42 190
41 200 49 200
41 201 48 201
41 202 45 203
41 209 42 213
41 216 42 220
41 225 50 225
41 239 41 248
42 17 43 21
42 33 44 35
42 84 50 84
42 85 52 85
42 86 50 86
42 97 47 98
42 111 46 112
42 134 46 135
42 140 51 140
42 143 47 144
42 151 45 152
42 153 43 157
42 158 43 163
42 169 50 169
42 170 47 171
42 172 45 174
42 177 44 180
42 191 43 196
42 238 50 238
42 239 52 239
42 240 47 241
42 243 44 245
43 13 46 14
43 23 44 26
43 27 44 32
43 50 47 51
43 56 45 58
43 87 44 91
43 116 50 116
43 117 52 117
43 118 48 119
43 127 45 129
43 137 52 137
43 141 47 142
43 185 44 190
43 204 46 205
43 208 46 209
43 210 44 214
43 215 51 215
43 216 53 216
43 217 44 222
43 231 52 231
44 10 48 11
44 59 45 64
44 74 51 74
44 75 51 75
44 76 53 76
44 102 45 107
44 130 46 133
44 136 54 136
44 138 47 139
44 153 44 163
44 191 44 199
44 234 46 237
44 246 45 249
45 16 45 26
45 27 45 35
45 54 53 54
45 87 48 88
45 89 46 93
45 94 52 94
45 100 48 101
45 145 47 148
45 153 45 162
45 175 45 185
45 189 45 197
45 210 47 212
45 219 46 222
45 233 54 233
46 0 53 0
46 1 53 1
46 2 53 2
46 3 48 5
46 19 46 28
46 30 51 31
46 55 55 55
46 56 51 57
46 58 50 59
46 60 47 65
46 68 49 69
46 77 47 82
46 102 48 104
46 105 55 105
46 106 54 106
46 120 48 122
46 152 46 160
46 161 54 161
46 162 53 162
46 172 49 174
46 175 48 177
46 178 46 186
46 190 47 193
46 194 47 199
46 217 50 218
46 243 47 248
47 12 48 16
47 18 47 25
47 28 52 29
47 34 48 39
47 44 56 44
47 45 52 46
47 89 49 91
47 92 52 93
47 95 51 96
47 128 55 128
47 129 57 129
47 130 49 133
47 134 51 135
47 152 48 156
47 158 57 158
47 178 48 182
47 202 48 206
47 221 56 221
47 242 55 242
48 7 51 9
48 18 48 27
48 40 50 43
48 53 58 53
48 60 55 60
48 61 51 63
48 65 51 66
48 97 53 98
48 107 49 111
48 114 56 114
48 115 56 115
48 138 52 139
48 141 49 146
48 159 52 160
48 163 52 164
48 186 48 196
48 207 52 208
48 209 49 214
48 243 49 248
49 5 52 6
49 11 50 16
49 17 49 26
49 33 58 33
49 34 51 36
49 37 51 39
49 47 53 48
49 49 51 52
49 78 50 83
49 100 57 100
49 102 52 104
49 119 49 127
49 147 49 154
49 178 49 186
49 187 50 192
49 219 53 220
49 222 51 224
49 249 59 249
50 3 53 4
50 10 60 10
50 17 50 27
50 68 51 72
50 89 52 91
50 99 58 99
50 123 51 127
50 141 51 145
50 146 50 156
50 172 51 175
50 177 50 186
50 194 50 204
50 209 52 211
50 212 52 214
50 226 54 227
50 236 59 236
50 240 55 241
50 243 51 247
51 11 55 12
51 13 53 16
51 17 51 25
51 77 52 82
51 83 56 84
51 101 61 101
51 131 58 131
51 146 53 149
51 150 56 151
51 152 52 157
51 167 52 170
51 177 51 184
51 189 51 198
51 201 52 205
52 9 59 9
52 18 53 22
52 34 54 37
52 39 56 40
52 41 55 43
52 49 54 52
52 56 53 59
52 61 53 64
52 65 53 68
52 70 53 75
52 107 53 112
52 119 57 120
52 121 53 126
52 130 60 130
52 132 54 134
52 141 53 145
52 172 55 174
52 175 53 179
52 180 62 180
52 181 53 186
52 187 56 188
52 189 62 189
52 190 52 200
52 234 61 234
52 235 60 235
52 237 62 237
52 238 62 238
52 243 53 246
53 8 60 8
53 26 54 30
53 85 53 94
53 102 55 104
53 152 55 155
53 156 58 157
53 166 54 171
53 190 56 192
53 193 57 194
53 198 53 206
53 209 54 212
53 222 56 223
53 239 62 239
54 1 55 5
54 6 58 7
54 13 58 14
54 15 54 24
54 57 57 59
54 62 55 67
54 73 54 80
54 85 62 85
54 86 62 86
54 87 56 90
54 92 55 97
54 108 55 113
54 121 55 126
54 139 54 148
54 184 63 184
54 185 64 185
54 202 55 206
54 216 56 218
54 229 62 229
54 230 64 230
54 243 55 247
55 16 62 16
55 21 55 31
55 34 57 37
55 46 64 46
55 47 64 47
55 71 63 71
55 72 62 72
55 73 62 73
55 74 59 75
55 78 56 82
55 116 57 118
55 138 57 141
55 144 56 147
55 159 55 166
55 168 57 170
55 176 58 178
55 181 57 183
55 186 65 186
55 195 56 199
55 207 55 215
56 1 60 2
56 4 60 5
56 11 59 12
56 18 59 20
56 21 61 22
56 23 63 23
56 27 57 32
56 48 64 48
56 49 58 52
56 64 66 64
56 65 57 70
56 102 56 109
56 126 59 128
56 132 59 133
56 159 56 167
56 171 57 175
56 206 56 215
56 226 58 228
56 231 59 233
56 240 56 247
57 40 58 45
57 80 67 80
57 81 61 82
57 88 57 96
57 98 66 98
57 106 58 110
57 112 59 114
57 124 67 124
57 134 59 137
57 144 57 154
57 159 66 159
57 160 58 165
57 197 58 201
57 204 57 212
57 216 58 221
57 222 61 223
57 224 65 224
57 225 67 225
57 243 67 243
57 244 65 244
57 245 59 248
58 24 58 32
58 54 58 62
58 87 59 90
58 91 65 91
58 92 59 96
58 115 58 122
58 138 68 138
58 139 68 139
58 140 68 140
58 141 60 144
58 146 62 147
58 148 59 153
58 166 58 175
58 190 68 190
58 191 59 195
58 203 58 210
58 240 61 242
59 13 62 14
59 25 60 29
59 30 59 38
59 41 69 41
59 42 69 42
59 43 62 45
59 54 59 62
59 68 61 70
59 77 61 79
59 83 62 84
59 99 62 100
59 103 59 111
59 115 59 122
59 164 63 165
59 166 59 176
59 198 64 199
59 201 64 202
59 203 63 204
59 205 67 205
59 206 69 206
59 207 69 207
59 208 60 213
59 215 61 217
59 218 61 221
59 226 67 226
59 227 62 228
60 3 70 3
60 18 68 18
60 30 61 34
60 35 63 37
60 38 63 40
60 50 61 54
60 58 61 62
60 88 62 90
60 92 63 93
60 94 62 97
60 103 60 110
60 113 68 113
60 114 67 114
60 116 65 117
60 118 64 119
60 148 70 148
60 151 60 158
60 160 63 162
60 166 65 167
60 169 60 179
60 182 64 183
60 187 70 187
60 188 67 188
60 192 61 195
60 231 63 233
61 0 71 0
61 4 61 12
61 63 71 63
61 65 64 66
61 103 62 106
61 111 65 112
61 125 66 126
61 127 69 127
61 128 61 137
61 141 62 145
61 150 71 150
61 151 70 151
61 153 70 153
61 168 61 175
61 176 69 176
61 177 66 178
61 179 69 179
61 181 69 181
61 210 68 210
61 211 63 214
61 245 63 248
62 4 62 12
62 24 71 24
62 25 63 30
62 31 63 34
62 50 63 54
62 55 62 62
62 67 63 70
62 74 63 79
62 122 67 123
62 129 72 129
62 130 71 130
62 131 63 136
62 154 63 158
62 168 65 169
62 170 63 175
62 192 63 197
62 215 63 220
63 4 63 14
63 17 73 17
63 55 65 58
63 85 64 88
63 96 66 97
63 100 63 110
63 141 71 141
63 142 70 142
63 143 65 145
63 146 66 147
63 180 70 180
63 236 64 241
64 6 65 11
64 12 71 12
64 19 67 20
64 21 67 23
64 25 68 26
64 27 66 30
64 32 65 37
64 60 68 61
64 67 64 77
64 78 73 78
64 79 71 79
64 81 69 82
64 83 71 83
64 84 74 84
64 100 65 105
64 131 67 133
64 134 66 137
64 149 71 149
64 152 72 152
64 154 69 155
64 156 68 157
64 160 65 165
64 170 65 175
64 208 68 209
64 211 67 212
64 213 64 223
64 227 68 228
64 232 67 234
64 235 74 235
64 248 71 248
64 249 74 249
65 1 72 1
65 2 75 2
65 4 69 5
65 13 68 14
65 15 73 15
65 16 74 16
65 44 65 54
65 62 73 62
65 65 65 75
65 85 66 88
65 182 66 185
65 192 65 202
65 213 69 214
65 216 67 218
65 219 68 220
65 229 67 231
65 236 68 238
65 245 67 247
66 6 67 9
66 10 76 10
66 11 73 11
66 37 76 37
66 45 67 49
66 53 67 57
66 65 69 67
66 68 71 69
66 89 67 93
66 99 66 107
66 108 67 112
66 116 67 121
66 164 66 173
66 191 67 195
66 196 74 196
66 197 73 197
66 198 71 199
66 200 67 204
66 221 70 222
66 239 69 241
67 27 67 34
67 38 71 39
67 73 71 74
67 75 69 77
67 94 71 95
67 96 67 106
67 136 71 137
67 143 72 144
67 145 74 145
67 146 71 147
67 164 68 169
67 170 68 174
67 182 70 184
68 6 78 6
68 7 71 8
68 9 77 9
68 27 68 35
68 36 77 36
68 45 68 55
68 70 70 72
68 85 69 88
68 89 71 91
68 92 78 92
68 96 71 98
68 99 70 101
68 103 68 111
68 116 68 124
68 132 71 133
68 134 72 135
68 158 69 161
68 175 77 175
68 177 71 178
68 202 70 205
68 215 69 218
68 231 78 231
68 244 70 247
69 19 70 23
69 25 72 26
69 27 71 30
69 45 69 54
69 55 70 59
69 60 73 61
69 103 69 112
69 115 69 125
69 163 77 163
69 164 69 174
69 189 70 194
69 225 70 230
70 31 71 35
70 44 79 44
70 45 80 45
70 47 72 50
70 51 71 54
70 64 72 66
70 75 73 77
70 85 73 86
70 87 77 87
70 103 70 112
70 119 70 128
70 131 79 131
70 156 71 161
70 164 70 174
70 207 72 209
70 210 70 219
70 232 78 232
70 233 80 233
70 234 78 234
70 236 78 236
70 237 79 237
71 19 73 22
71 80 74 82
71 107 81 107
71 108 71 118
71 119 71 128
71 153 81 153
71 164 71 172
71 176 80 176
71 181 71 191
71 200 81 200
71 201 72 206
71 211 75 212
71 213 74 214
71 215 81 215
71 216 79 216
71 217 75 218
71 219 72 223
71 225 80 225
71 229 79 229
71 230 80 230
71 239 73 241
71 242 72 245
72 7 77 8
72 12 74 14
72 29 73 34
72 38 73 42
72 51 72 59
72 67 73 72
72 93 79 93
72 94 72 104
72 108 73 112
72 119 72 127
72 147 81 147
72 148 74 151
72 155 74 158
72 159 81 159
72 160 74 162
72 167 76 168
72 171 74 174
72 178 74 180
72 181 72 189
72 226 75 228
73 4 78 5
73 47 75 49
73 50 74 53
73 55 83 55
73 63 74 66
73 90 77 91
73 94 83 94
73 95 80 95
73 96 77 97
73 98 77 99
73 103 75 106
73 117 73 124
73 135 73 144
73 164 76 165
73 166 81 166
73 184 77 185
73 186 73 193
73 202 73 209
74 0 78 1
74 26 74 33
74 56 75 61
74 70 74 78
74 88 84 88
74 89 82 89
74 108 78 109
74 110 74 118
74 119 74 129
74 132 75 136
74 141 82 141
74 142 81 142
74 143 84 143
74 186 78 187
74 189 76 191
74 202 74 210
74 219 78 220
74 221 78 222
74 241 75 246
75 12 75 22
75 23 77 26
75 27 80 28
75 29 83 29
75 30 82 30
75 31 77 33
75 38 76 43
75 62 76 67
75 70 75 80
75 82 84 82
75 83 80 84
75 85 85 85
75 86 82 86
75 110 77 113
75 114 77 116
75 119 75 128
75 144 79 145
75 148 76 151
75 152 84 152
75 154 84 154
75 155 79 156
75 157 80 158
75 160 77 162
75 172 78 174
75 180 77 183
75 194 76 198
75 202 79 203
75 205 76 210
75 223 80 224
75 238 82 238
76 12 77 15
76 16 77 21
76 46 80 47
76 48 80 49
76 50 77 54
76 56 77 61
76 70 76 79
76 100 77 104
76 105 79 106
76 120 76 130
76 132 79 133
76 138 81 139
76 169 81 170
76 177 78 179
76 240 76 249
77 62 77 69
77 70 77 77
77 117 79 120
77 121 77 129
77 146 87 146
77 148 82 149
77 150 84 150
77 151 84 151
77 191 87 191
77 194 78 198
77 204 79 207
77 208 79 210
77 211 82 212
77 217 84 217
77 226 81 227
77 242 79 244
77 245 79 247
77 248 82 249
78 2 87 2
78 7 86 7
78 9 86 9
78 11 78 19
78 25 81 26
78 32 78 40
78 52 80 54
78 56 80 59
78 61 79 64
78 68 86 68
78 69 87 69
78 70 78 79
78 90 86 90
78 100 79 104
78 111 88 111
78 112 85 112
78 113 80 116
78 121 78 129
78 134 80 136
78 167 81 168
78 181 87 181
78 213 83 214
78 239 87 239
79 0 86 0
79 5 83 6
79 10 82 11
79 12 79 20
79 32 79 39
79 60 88 60
79 70 84 71
79 76 80 81
79 91 87 91
79 92 87 92
79 121 79 128
79 160 81 162
79 171 88 171
79 172 87 172
79 173 87 173
79 174 83 175
79 180 87 180
79 184 80 189
79 192 81 194
79 196 82 198
79 220 82 222
80 3 84 4
80 8 90 8
80 12 82 14
80 15 80 24
80 32 81 37
80 38 81 42
80 61 81 66
80 96 81 100
80 110 88 110
80 117 90 117
80 118 88 118
80 119 89 119
80 120 80 128
80 155 83 156
80 163 83 165
80 177 83 178
80 205 81 209
80 218 84 219
80 241 89 241
80 242 81 246
80 247 89 247
81 16 81 23
81 45 81 54
81 57 83 59
81 72 86 73
81 74 83 77
81 81 88 81
81 84 88 84
81 103 83 106
81 109 90 109
81 113 83 116
81 120 81 128
81 130 84 131
81 144 88 144
81 145 88 145
81 182 81 190
81 228 83 230
82 16 82 26
82 32 82 40
82 42 90 42
82 43 82 50
82 61 92 61
82 64 85 65
82 67 92 67
82 95 83 98
82 120 83 123
82 124 83 128
82 137 92 137
82 138 92 138
82 139 86 140
82 157 87 158
82 159 92 159
82 160 85 162
82 169 91 169
82 170 89 170
82 183 86 184
82 185 83 190
82 200 82 210
82 215 85 216
82 224 83 227
82 232 83 237
82 242 91 242
82 243 84 246
83 1 92 1
83 13 83 22
83 31 83 39
83 41 93 41
83 43 83 53
83 66 92 66
83 132 84 136
83 148 88 149
83 166 85 168
83 194 83 201
83 204 85 206
83 207 85 210
83 222 88 223
83 248 93 248
84 11 84 18
84 23 85 28
84 30 92 30
84 31 85 36
84 37 91 37
84 38 86 40
84 44 84 51
84 54 91 54
84 55 86 58
84 59 92 59
84 62 91 62
84 63 92 63
84 74 94 74
84 75 92 75
84 76 85 79
84 80 94 80
84 93 92 93
84 94 84 103
84 114 93 114
84 115 93 115
84 116 94 116
84 120 84 129
84 141 88 142
84 175 85 178
84 179 92 179
84 185 87 187
84 188 86 190
84 192 86 194
84 195 94 195
84 196 86 199
84 211 86 213
84 220 87 221
84 224 85 229
84 230 85 235
84 236 86 238
85 3 87 6
85 10 95 10
85 11 86 16
85 44 87 47
85 48 87 50
85 82 88 83
85 86 87 89
85 99 86 104
85 107 90 108
85 120 87 122
85 124 85 132
85 135 88 136
85 218 88 219
85 245 95 245
86 17 86 26
86 31 95 31
86 32 87 35
86 64 91 65
86 76 94 76
86 77 94 77
86 94 87 98
86 124 86 131
86 150 87 155
86 160 87 164
86 165 90 166
86 167 90 168
86 175 90 176
86 201 86 210
86 224 86 234
87 7 95 7
87 11 88 14
87 15 91 16
87 17 87 26
87 28 91 29
87 38 90 40
87 53 96 53
87 78 95 78
87 101 88 106
87 124 87 133
87 177 90 178
87 182 96 182
87 188 97 188
87 194 94 194
87 196 88 200
87 201 97 201
87 202 88 206
87 212 89 214
87 215 89 217
87 224 87 232
87 235 89 237
87 249 97 249
88 2 91 3
88 4 97 4
88 5 97 5
88 6 97 6
88 17 89 22
88 23 98 23
88 24 90 27
88 32 98 32
88 43 88 50
88 56 91 58
88 68 89 73
88 121 90 123
88 127 89 131
88 160 90 163
88 181 98 181
88 184 90 187
88 190 98 190
88 191 92 192
88 193 98 193
88 207 89 211
88 224 88 231
88 243 92 244
89 11 99 11
89 12 99 12
89 13 99 13
89 14 99 14
89 33 98 33
89 34 93 35
89 48 99 48
89 49 98 49
89 50 93 51
89 52 97 52
89 81 89 91
89 95 89 105
89 110 91 113
89 133 91 135
89 145 98 145
89 146 89 156
89 171 92 172
89 198 92 200
89 202 97 202
89 204 92 206
89 224 89 232
90 68 91 73
90 85 90 92
90 94 90 102
90 125 91 130
90 140 91 143
90 146 95 147
90 148 98 148
90 150 90 157
90 213 93 214
90 215 91 219
90 220 93 222
90 223 91 228
90 232 90 241
91 9 101 9
91 45 94 46
91 47 99 47
91 81 92 84
91 85 92 90
91 94 92 99
91 100 91 108
91 117 91 124
91 149 100 149
91 160 93 162
91 163 92 168
91 173 95 174
91 175 93 178
91 184 94 186
91 197 101 197
91 207 92 212
91 229 95 230
91 231 91 241
91 246 96 247
92 15 94 17
92 18 94 20
92 24 93 29
92 54 99 54
92 70 93 73
92 91 95 92
92 100 102 100
92 110 93 113
92 117 96 118
92 119 93 124
92 125 95 127
92 128 92 136
92 140 94 142
92 143 97 144
92 150 92 158
92 215 102 215
92 216 100 216
92 224 94 226
92 227 96 228
92 231 92 241
93 0 94 3
93 58 93 67
93 81 94 85
93 86 94 90
93 101 93 109
93 130 93 139
93 150 94 154
93 163 93 170
93 179 98 180
93 187 102 187
93 189 102 189
93 191 96 192
93 204 94 209
93 231 97 232
93 234 95 236
93 237 96 238
93 239 94 244
94 24 96 26
94 27 95 30
94 34 94 43
94 50 102 50
94 57 95 61
94 62 94 72
94 93 98 94
94 101 94 109
94 110 95 114
94 119 95 123
94 128 94 136
94 157 95 161
94 163 94 172
94 176 96 178
94 217 98 218
94 220 96 223
95 15 96 19
95 20 98 22
95 38 96 43
95 55 100 56
95 68 95 77
95 81 95 88
95 96 97 99
95 101 95 109
95 128 95 137
95 150 97 152
95 163 95 172
95 183 105 183
95 185 100 186
95 204 96 207
95 213 98 214
95 240 96 243
96 2 100 3
96 7 105 7
96 29 100 30
96 34 106 34
96 35 104 35
96 36 103 36
96 37 105 37
96 57 96 67
96 68 106 68
96 70 96 79
96 82 96 92
96 103 96 110
96 121 96 131
96 133 97 138
96 139 97 142
96 146 100 147
96 153 96 161
96 163 99 164
96 165 96 175
96 194 106 194
96 195 101 196
96 198 99 200
96 210 98 212
97 0 102 1
97 8 107 8
97 24 98 28
97 38 99 41
97 57 97 64
97 70 98 74
97 76 98 81
97 83 98 88
97 103 98 107
97 111 102 112
97 113 102 114
97 115 104 115
97 116 97 124
97 127 100 128
97 129 100 131
97 153 98 157
97 169 99 171
97 173 98 178
97 203 98 208
97 221 97 229
97 238 98 242
98 16 99 19
98 42 99 46
98 61 102 62
98 64 100 66
98 95 101 96
98 97 107 97
98 98 103 99
98 109 103 110
98 116 98 125
98 133 99 136
98 143 103 144
98 221 98 230
98 231 99 236
98 244 108 244
99 4 101 6
99 51 102 52
99 53 107 53
99 58 107 58
99 59 109 59
99 69 108 69
99 70 108 70
99 71 108 71
99 72 108 72
99 75 99 84
99 87 106 87
99 88 103 89
99 90 101 92
99 101 99 108
99 116 101 119
99 121 100 126
99 140 102 142
99 150 99 159
99 176 101 179
99 180 102 182
99 190 101 193
99 209 107 209
99 210 101 213
99 221 109 221
99 223 109 223
99 224 100 228
99 229 102 230
99 237 103 238
99 239 103 240
99 242 104 243
99 246 101 249
100 16 110 16
100 17 100 27
100 32 104 33
100 38 103 39
100 40 103 42
100 47 104 48
100 75 100 84
100 102 101 106
100 133 101 138
100 150 100 157
100 163 100 172
100 198 101 203
100 205 108 205
100 206 103 208
100 217 102 219
100 220 108 220
100 222 110 222
100 232 101 236
101 10 102 15
101 17 101 25
101 43 103 46
101 54 102 57
101 63 102 67
101 74 111 74
101 75 111 75
101 76 101 85
101 121 101 129
101 148 104 149
101 152 102 157
101 162 101 172
101 224 102 228
101 245 111 245
102 3 103 6
102 24 110 24
102 25 110 25
102 26 112 26
102 27 104 30
102 76 104 79
102 81 106 82
102 83 107 84
102 90 104 93
102 104 106 105
102 116 102 126
102 127 102 136
102 146 112 146
102 159 102 167
102 169 102 177
102 184 107 185
102 210 105 211
102 231 103 236
102 246 112 246
103 10 104 15
103 17 112 17
103 20 105 22
103 49 106 50
103 51 107 52
103 56 108 57
103 60 105 63
103 64 106 66
103 85 107 86
103 112 105 114
103 118 104 123
103 126 103 134
103 139 106 141
103 150 104 153
103 155 104 158
103 162 103 172
103 175 104 179
103 181 107 182
103 187 104 190
103 193 112 193
103 195 112 195
103 196 106 197
103 198 104 202
103 213 104 217
103 248 107 249
104 0 112 0
104 1 111 1
104 2 109 3
104 4 111 4
104 5 108 6
104 23 114 23
104 38 104 45
104 100 106 103
104 107 105 111
104 129 104 137
104 142 105 145
104 159 104 168
104 224 104 234
104 235 105 238
105 29 106 33
105 38 105 48
105 73 115 73
105 78 107 80
105 93 107 96
105 116 110 117
105 118 105 128
105 129 105 137
105 148 105 157
105 158 105 166
105 169 105 178
105 187 106 190
105 191 109 192
105 198 114 198
105 199 106 204
105 214 109 215
105 216 109 217
105 218 113 218
105 224 106 227
105 228 113 228
105 229 106 233
106 9 108 12
106 18 109 20
106 21 110 22
106 38 106 48
106 61 110 62
106 88 107 92
106 107 106 115
106 118 106 127
106 129 107 133
106 144 116 144
106 145 116 145
106 147 113 147
106 148 107 153
106 154 107 158
106 159 109 161
106 175 107 179
106 207 114 207
106 208 116 208
106 210 108 212
106 238 107 243
106 247 116 247
107 14 112 15
107 29 107 37
107 38 109 41
107 42 109 44
107 45 108 49
107 64 114 64
107 65 115 65
107 100 107 110
107 118 107 126
107 134 116 134
107 135 116 135
107 136 108 141
107 162 114 162
107 165 108 169
107 189 110 190
107 199 108 202
107 224 109 226
107 232 108 236
108 27 117 27
108 28 116 28
108 29 110 32
108 33 115 33
108 36 113 37
108 78 108 88
108 92 108 101
108 102 116 102
108 103 108 111
108 114 112 115
108 118 109 123
108 126 113 127
108 128 109 133
108 148 108 158
108 170 108 179
108 180 108 187
108 197 118 197
108 231 117 231
108 238 109 242
108 248 117 248
109 8 110 13
109 49 109 57
109 66 111 68
109 70 114 71
109 76 114 77
109 78 110 82
109 83 109 92
109 100 113 101
109 103 109 110
109 111 112 113
109 148 110 151
109 153 110 158
109 164 110 169
109 171 113 172
109 177 109 187
109 188 118 188
109 200 111 203
109 204 113 205
109 209 116 209
109 210 118 210
109 249 119 249
110 38 113 39
110 40 110 47
110 49 110 57
110 83 111 88
110 90 110 97
110 103 114 104
110 105 118 105
110 107 118 107
110 108 112 110
110 128 111 132
110 138 112 140
110 141 112 143
110 161 118 161
110 174 117 174
110 175 110 185
110 214 112 216
110 224 111 227
110 229 120 229
110 230 118 230
110 232 112 235
110 236 118 236
110 237 111 242
111 5 112 9
111 10 120 10
111 11 121 11
111 19 114 21
111 24 114 25
111 29 121 29
111 30 118 30
111 31 114 32
111 34 118 34
111 40 112 45
111 48 111 58
111 90 112 94
111 95 112 99
111 116 111 123
111 148 113 151
111 155 112 159
111 163 113 165
111 166 115 167
111 168 114 170
111 175 111 183
111 206 120 206
111 211 120 211
111 212 120 212
112 1 115 3
112 48 112 57
112 58 113 62
112 67 122 67
112 68 121 68
112 79 113 82
112 83 113 86
112 116 112 125
112 128 113 132
112 153 116 154
112 175 113 179
112 181 113 186
112 199 114 201
112 220 113 225
112 239 119 239
112 241 114 244
113 12 114 17
113 43 117 44
113 45 121 45
113 46 121 46
113 47 121 47
113 48 122 48
113 49 121 49
113 50 114 53
113 89 113 98
113 109 113 119
113 136 117 137
113 139 117 140
113 141 116 143
113 189 123 189
113 190 117 191
113 192 121 192
113 193 122 193
113 194 123 194
113 195 117 196
113 232 121 232
113 233 120 233
114 0 121 0
114 4 115 9
114 35 115 39
114 41 119 42
114 54 114 63
114 79 114 86
114 91 114 100
114 109 115 112
114 113 114 122
114 129 116 132
114 147 115 151
114 156 115 160
114 171 117 173
114 177 114 185
114 214 115 218
114 225 118 226
114 227 124 227
114 234 119 235
115 15 115 22
115 51 118 52
115 55 115 64
115 69 116 72
115 79 115 89
115 91 115 99
115 114 115 124
115 162 117 165
115 168 118 170
115 177 115 185
115 200 116 204
115 213 123 213
115 237 118 238
115 243 119 244
115 245 123 245
116 1 118 3
116 4 121 5
116 6 120 7
116 12 118 15
116 16 118 19
116 31 118 33
116 35 117 40
116 55 118 58
116 59 118 62
116 63 117 66
116 73 116 81
116 86 117 90
116 91 116 99
116 103 119 104
116 108 118 110
116 113 116 120
116 121 116 128
116 177 116 185
116 198 119 199
116 214 123 214
116 216 119 218
116 219 125 219
116 220 118 223
116 228 124 228
116 240 119 242
117 8 121 9
117 21 121 22
117 23 120 25
117 70 117 79
117 84 121 85
117 91 117 100
117 111 118 114
117 126 119 128
117 130 119 132
117 133 119 135
117 145 117 154
117 177 117 187
117 200 121 201
117 207 119 209
117 215 127 215
118 38 120 40
118 43 121 44
118 65 128 65
118 66 125 66
118 73 118 83
118 86 122 87
118 88 123 89
118 90 119 94
118 95 119 100
118 116 118 125
118 136 118 143
118 146 120 148
118 149 118 157
118 163 120 165
118 166 128 166
118 171 118 179
118 180 118 187
118 202 122 203
119 1 121 3
119 13 119 20
119 27 129 27
119 28 129 28
119 31 128 31
119 32 120 37
119 50 120 53
119 54 120 58
119 73 119 83
119 105 121 108
119 109 122 110
119 111 123 112
119 114 123 115
119 117 121 120
119 121 121 124
119 142 120 145
119 150 120 154
119 157 120 162
119 167 126 167
119 169 124 170
119 171 128 171
119 172 120 176
119 177 120 181
119 184 124 185
119 195 121 197
119 220 120 224
120 12 121 16
120 26 129 26
120 60 121 64
120 70 121 74
120 76 120 83
120 92 120 102
120 125 122 127
120 128 120 137
120 182 124 183
120 207 125 208
120 234 120 243
120 246 121 249
121 17 123 20
121 30 130 30
121 32 121 42
121 51 125 52
121 53 124 55
121 76 129 76
121 77 122 82
121 90 122 94
121 95 121 104
121 128 123 130
121 131 129 131
121 132 123 134
121 135 124 136
121 137 121 144
121 146 122 150
121 151 121 159
121 161 126 162
121 163 124 165
121 174 122 178
121 186 131 186
121 187 129 187
121 188 128 188
121 205 125 206
121 209 125 210
121 211 126 212
121 222 124 223
121 224 129 224
121 233 124 235
121 236 122 241
121 243 131 243
122 0 125 2
122 3 129 3
122 4 130 4
122 5 131 5
122 6 122 16
122 25 132 25
122 29 130 29
122 40 123 45
122 56 132 56
122 57 130 57
122 60 123 64
122 70 123 74
122 97 123 100
122 103 132 103
122 104 124 107
122 117 123 122
122 123 127 124
122 137 126 138
122 140 126 141
122 142 126 143
122 154 123 159
122 180 126 181
122 218 130 218
122 229 124 231
122 244 132 244
122 247 132 247
122 248 127 249
123 6 123 14
123 23 128 24
123 32 124 37
123 48 126 50
123 83 124 86
123 125 127 126
123 127 132 127
123 144 127 145
123 172 123 179
123 190 127 191
123 196 124 201
123 216 132 216
123 217 130 217
123 236 124 240
124 6 125 11
124 12 126 14
124 19 127 20
124 21 134 21
124 61 125 64
124 68 127 70
124 72 126 75
124 77 125 82
124 90 125 94
124 96 134 96
124 98 132 98
124 99 126 102
124 109 124 118
124 119 127 121
124 128 127 130
124 147 124 156
124 158 126 160
124 192 127 193
124 202 126 204
124 225 132 225
124 246 134 246
125 15 129 16
125 35 125 43
125 54 129 55
125 59 128 60
125 71 134 71
125 83 126 86
125 104 126 107
125 115 128 117
125 147 125 157
125 182 127 185
125 189 132 189
125 194 126 198
125 199 127 201
125 220 127 223
125 226 127 228
125 229 125 236
125 239 127 242
125 245 135 245
126 6 127 10
126 33 131 34
126 35 126 45
126 63 135 63
126 64 136 64
126 77 129 79
126 88 135 88
126 89 131 90
126 91 130 92
126 94 131 95
126 112 128 114
126 149 126 156
126 168 128 170
126 172 127 177
126 229 127 234
126 235 127 238
127 0 130 2
127 36 136 36
127 37 135 37
127 44 127 53
127 81 128 86
127 104 135 104
127 105 132 106
127 133 128 137
127 149 127 158
127 194 130 196
127 204 127 214
128 6 129 11
128 38 135 38
128 39 130 42
128 43 132 44
128 45 132 46
128 47 130 49
128 52 131 53
128 67 130 70
128 97 136 97
128 99 131 101
128 107 131 108
128 120 129 124
128 138 128 146
128 154 129 159
128 160 130 163
128 174 128 183
128 184 132 185
128 191 132 192
128 198 129 202
128 204 129 209
128 211 129 215
128 219 136 219
128 220 131 221
128 226 137 226
128 227 137 227
128 228 138 228
128 229 138 229
128 230 138 230
128 231 128 241
128 248 133 249
129 12 134 13
129 19 137 19
129 35 138 35
129 58 130 62
129 65 136 65
129 72 138 72
129 74 138 74
129 75 136 75
129 110 130 115
129 138 131 140
129 143 132 144
129 145 139 145
129 146 137 146
129 147 130 152
129 165 130 170
129 175 129 183
129 232 129 241
130 14 132 17
130 18 139 18
130 20 140 20
130 73 140 73
130 81 131 86
130 117 140 117
130 118 140 118
130 126 137 126
130 129 139 129
130 130 140 130
130 131 140 131
130 132 138 132
130 133 131 137
130 141 133 142
130 172 133 174
130 175 131 179
130 197 130 205
130 212 132 215
130 222 132 224
130 231 131 234
130 235 131 239
131 7 132 11
131 26 132 29
131 40 133 42
131 47 132 51
131 57 132 61
131 66 134 68
131 69 135 70
131 113 139 113
131 114 141 114
131 120 133 122
131 124 136 125
131 147 136 148
131 150 131 159
131 166 141 166
131 181 140 181
131 194 131 201
131 203 131 211
132 0 133 4
132 77 132 87
132 134 133 137
132 138 134 140
132 151 132 160
132 163 135 165
132 178 142 178
132 179 136 180
132 193 132 201
132 203 132 210
132 231 142 231
132 233 136 234
132 235 135 236
132 237 134 240
133 14 135 16
133 22 133 32
133 48 133 58
133 76 135 79
133 80 142 80
133 81 134 86
133 90 135 92
133 93 136 95
133 105 135 107
133 109 135 112
133 150 137 151
133 152 134 157
133 158 134 162
133 182 133 191
133 193 135 195
133 201 137 202
133 203 133 213
133 217 137 218
133 220 143 220
133 221 138 222
133 242 143 242
134 1 135 5
134 6 135 9
134 17 144 17
134 22 135 27
134 28 135 32
134 41 136 43
134 45 138 46
134 52 134 62
134 100 136 103
134 134 136 137
134 141 143 141
134 142 138 143
134 167 141 167
134 168 143 168
134 169 141 169
134 170 139 171
134 172 142 172
134 173 142 173
134 174 136 177
134 182 139 183
134 197 141 197
134 198 142 198
134 199 142 199
134 203 136 205
134 206 136 208
134 209 136 211
134 224 139 225
135 33 140 34
135 47 135 55
135 67 145 67
135 81 137 83
135 84 136 87
135 98 145 98
135 121 145 121
135 127 140 128
135 156 136 159
135 184 136 188
135 190 139 191
135 212 136 216
135 237 136 240
135 248 140 249
136 0 138 2
136 3 141 4
136 5 138 8
136 10 138 12
136 14 146 14
136 15 146 15
136 16 143 16
136 21 136 31
136 38 138 40
136 47 139 49
136 53 136 60
136 66 144 66
136 68 144 68
136 76 137 79
136 104 145 104
136 105 138 107
136 108 145 108
136 110 139 112
136 119 140 120
136 122 146 122
136 139 139 140
136 192 144 192
137 21 138 24
137 25 137 32
137 37 147 37
137 41 141 42
137 51 137 59
137 61 138 65
137 85 145 85
137 86 145 86
137 103 144 103
137 109 147 109
137 115 145 115
137 116 147 116
137 123 140 125
137 134 138 138
137 153 146 153
137 155 137 163
137 174 138 177
137 179 141 180
137 203 146 203
137 207 138 210
137 211 138 216
137 235 138 240
137 241 145 241
137 243 141 244
138 28 140 30
138 53 139 58
138 69 142 70
138 89 142 90
138 91 140 94
138 95 141 96
138 97 148 97
138 99 142 100
138 101 148 101
138 102 145 102
138 146 141 147
138 148 142 149
138 155 138 164
138 184 139 189
138 193 140 196
138 204 140 206
138 217 140 219
138 232 142 233
138 245 141 247
139 0 142 1
139 5 140 8
139 9 141 12
139 21 140 25
139 40 146 40
139 43 142 45
139 61 140 64
139 65 146 65
139 82 149 82
139 83 143 84
139 88 148 88
139 105 142 107
139 134 143 135
139 136 143 137
139 142 143 143
139 155 142 157
139 200 141 202
139 211 140 215
139 235 142 237
139 238 141 240
140 46 142 49
140 50 142 53
140 55 141 59
140 76 142 79
140 110 141 113
140 139 144 140
140 150 143 152
140 158 142 161
140 162 142 165
140 174 142 177
140 184 140 191
140 221 141 225
140 227 142 230
141 21 141 28
141 32 142 36
141 38 146 39
141 60 142 64
141 71 142 75
141 120 151 120
141 123 141 133
141 144 145 145
141 182 141 190
141 193 149 193
141 194 145 195
141 209 141 219
142 5 143 9
142 21 145 23
142 24 142 31
142 41 146 42
142 123 142 132
142 181 143 186
142 187 143 191
142 201 146 202
142 207 142 217
143 18 145 20
143 24 143 32
143 35 148 36
143 46 143 55
143 69 147 70
143 71 145 73
143 74 153 74
143 89 150 89
143 91 144 96
143 105 145 107
143 110 146 112
143 123 143 131
143 146 145 148
143 154 143 161
143 164 144 167
143 169 143 176
143 197 145 200
143 206 143 216
143 221 143 230
143 231 143 240
143 243 144 248
144 2 144 11
144 24 144 32
144 44 149 45
144 46 148 47
144 49 147 50
144 51 148 52
144 53 144 63
144 75 146 77
144 80 149 81
144 83 149 84
144 114 152 114
144 123 147 125
144 126 144 135
144 154 144 163
144 168 151 168
144 169 145 174
144 177 152 177
144 178 153 178
144 179 144 189
144 207 145 212
144 214 146 217
144 219 145 224
144 226 145 230
144 233 148 234
144 239 148 240
145 0 146 5
145 8 146 13
145 24 145 33
145 55 146 60
145 90 150 91
145 92 147 95
145 113 155 113
145 117 149 118
145 119 155 119
145 126 147 128
145 131 145 140
145 149 147 152
145 156 148 158
145 159 146 164
145 181 145 190
145 236 148 238
145 244 146 249
146 17 146 25
146 27 148 29
146 32 149 34
146 99 149 100
146 103 150 104
146 105 148 107
146 130 146 139
146 140 147 144
146 145 148 147
146 165 149 166
146 167 154 167
146 169 147 173
146 180 147 184
146 185 146 192
146 194 153 194
146 205 146 213
146 223 146 230
146 242 151 243
147 0 149 2
147 3 154 3
147 6 154 6
147 7 150 9
147 13 149 15
147 16 155 16
147 17 154 17
147 18 148 22
147 23 148 26
147 38 148 43
147 54 149 56
147 57 147 67
147 75 152 76
147 77 149 79
147 112 155 112
147 130 147 138
147 162 149 164
147 174 151 175
147 186 148 191
147 199 147 209
147 216 148 221
147 222 147 232
147 241 154 241
147 244 148 249
148 31 155 31
148 50 157 50
148 58 149 63
148 65 149 69
148 70 155 70
148 72 153 73
148 93 152 94
148 95 151 96
148 110 153 111
148 122 150 124
148 128 152 129
148 130 157 130
148 131 152 132
148 133 156 133
148 134 148 143
148 154 158 154
148 155 157 155
148 159 150 161
148 176 157 176
148 180 157 180
148 195 152 196
148 197 149 201
148 202 152 203
148 205 148 213
148 223 148 230
149 10 151 12
149 18 149 28
149 35 150 39
149 40 151 42
149 105 150 109
149 134 159 134
149 136 149 146
149 148 157 148
149 149 152 151
149 156 151 158
149 172 157 172
149 173 158 173
149 179 158 179
149 182 150 187
149 188 152 189
149 204 149 212
149 213 150 217
149 221 149 230
149 231 151 233
149 236 151 239
149 246 157 246
149 247 157 247
149 248 156 248
149 249 159 249
150 0 152 2
150 4 153 5
150 18 150 25
150 32 153 34
150 43 151 47
150 51 150 59
150 60 150 69
150 77 150 87
150 116 152 118
150 135 151 138
150 139 152 141
150 144 152 147
150 163 154 164
150 165 154 166
150 197 154 198
150 199 152 201
150 205 151 210
150 223 150 230
151 21 151 30
151 53 156 54
151 55 158 55
151 56 152 61
151 66 155 67
151 77 152 82
151 87 152 92
151 101 151 108
151 122 152 126
151 159 153 162
151 169 159 169
151 170 161 170
151 171 160 171
151 181 153 183
151 190 152 193
151 212 151 222
151 223 151 230
152 9 162 9
152 10 153 15
152 19 153 22
152 23 153 26
152 35 153 38
152 41 155 43
152 44 153 49
152 95 153 98
152 100 153 105
152 106 154 108
152 156 157 157
152 184 153 187
152 204 152 211
152 212 157 213
152 214 152 224
152 229 155 230
152 231 153 236
152 237 154 239
152 242 154 244
153 0 155 2
153 28 155 30
153 56 158 57
153 59 154 64
153 68 157 69
153 84 153 93
153 120 153 129
153 131 157 132
153 135 155 137
153 138 160 138
153 141 154 145
153 146 156 147
153 149 156 150
153 152 156 153
153 174 156 175
153 189 156 191
153 203 153 210
153 217 162 217
153 218 153 228
154 12 156 15
154 18 157 19
154 20 156 23
154 24 164 24
154 25 163 25
154 26 161 26
154 27 162 27
154 33 161 33
154 34 163 34
154 35 155 40
154 45 155 49
154 72 155 75
154 78 155 83
154 84 155 89
154 91 154 101
154 114 155 117
154 120 154 128
154 158 155 162
154 177 158 178
154 181 157 182
154 183 156 185
154 186 156 188
154 200 156 202
154 203 155 207
154 218 163 218
154 219 161 219
154 220 163 220
154 221 155 225
155 51 159 52
155 59 157 62
155 91 155 101
155 103 155 110
155 120 155 128
155 140 156 145
155 164 156 168
155 194 156 199
155 214 160 215
155 216 163 216
155 232 164 232
155 233 158 235
155 236 155 245
156 0 158 3
156 4 164 4
156 16 160 17
156 28 157 32
156 37 156 45
156 63 157 67
156 70 159 72
156 73 156 81
156 84 157 88
156 89 166 89
156 91 156 101
156 102 164 102
156 103 157 107
156 109 157 113
156 114 165 114
156 115 163 115
156 116 164 116
156 118 159 119
156 135 160 136
156 158 157 162
156 203 156 210
156 211 164 211
156 223 157 226
156 231 165 231
156 242 166 242
156 243 160 244
157 6 160 8
157 12 159 15
157 35 161 36
157 37 160 38
157 40 157 49
157 73 167 73
157 74 165 74
157 75 166 75
157 76 160 77
157 78 159 80
157 90 157 99
157 120 165 120
157 121 162 122
157 123 162 124
157 125 161 126
157 127 159 129
157 140 158 144
157 166 165 166
157 167 164 167
157 184 157 192
157 196 159 198
157 201 157 210
157 228 160 230
157 236 160 238
157 239 160 241
158 18 159 21
158 28 159 32
158 40 158 47
158 58 158 68
158 81 158 88
158 90 158 98
158 99 160 101
158 105 158 112
158 131 160 133
158 145 158 153
158 156 158 165
158 174 160 176
158 184 158 194
158 200 158 208
158 209 163 210
158 223 160 226
158 245 160 248
159 0 162 2
159 40 163 41
159 42 159 50
159 56 159 66
159 82 160 86
159 90 159 97
159 108 160 112
159 145 167 145
159 146 161 149
159 155 159 164
159 180 161 183
159 184 161 187
159 188 161 190
159 191 168 191
159 200 159 208
159 221 169 221
159 222 168 222
159 233 161 235
160 10 162 12
160 13 162 15
160 18 161 22
160 28 161 32
160 42 161 47
160 48 160 57
160 58 169 58
160 59 160 69
160 90 161 94
160 95 161 98
160 105 170 105
160 139 161 144
160 153 164 154
160 155 169 155
160 156 165 157
160 158 161 162
160 192 165 193
160 194 162 197
160 200 160 207
161 5 163 8
161 37 163 39
161 48 161 56
161 57 170 57
161 59 165 60
161 61 161 70
161 71 168 71
161 72 171 72
161 76 162 80
161 81 162 85
161 103 171 103
161 104 169 104
161 106 163 108
161 127 161 134
161 164 165 165
161 171 161 179
161 198 163 200
161 201 163 204
161 206 163 208
161 212 163 214
161 229 164 230
161 237 163 239
161 240 164 241
161 243 163 245
161 246 169 246
161 248 169 248
161 249 171 249
162 20 164 23
162 42 171 42
162 43 162 52
162 61 162 70
162 86 165 88
162 90 162 100
162 110 164 113
162 117 164 119
162 129 165 131
162 133 162 143
162 146 166 147
162 148 163 151
162 160 164 163
162 168 165 170
162 171 166 172
162 173 162 181
162 184 164 187
162 188 166 189
162 224 170 224
162 226 164 228
162 233 164 236
163 14 164 18
163 29 166 31
163 43 164 47
163 48 173 48
163 49 167 50
163 51 164 56
163 76 164 79
163 80 165 82
163 83 165 85
163 92 163 100
163 124 165 127
163 136 164 140
163 173 164 178
163 179 164 182
164 1 166 3
164 5 164 13
164 25 166 28
164 32 164 40
164 61 171 61
164 62 168 63
164 65 165 69
164 92 164 99
164 100 174 100
164 101 174 101
164 106 166 109
164 115 172 115
164 128 174 128
164 133 166 135
164 148 172 148
164 195 165 199
164 201 164 210
164 212 164 219
164 243 171 243
164 244 168 245
165 6 167 9
165 17 166 21
165 32 165 41
165 44 168 45
165 46 174 46
165 47 172 47
165 51 166 55
165 56 172 56
165 76 169 77
165 78 169 79
165 91 166 96
165 97 172 97
165 137 173 137
165 140 167 143
165 149 170 150
165 152 167 154
165 158 170 159
165 160 167 163
165 173 166 176
165 179 175 179
165 180 167 182
165 184 167 187
165 201 165 209
165 216 166 220
165 226 169 227
165 228 168 230
165 232 165 240
166 10 167 14
166 32 168 35
166 36 168 38
166 39 168 41
166 68 168 70
166 81 167 86
166 98 175 98
166 99 175 99
166 117 169 119
166 120 171 121
166 122 167 126
166 132 173 132
166 136 176 136
166 156 169 157
166 165 168 167
166 192 166 202
166 205 166 214
166 232 171 233
166 236 168 239
167 2 169 4
167 17 167 27
167 43 177 43
167 51 177 51
167 52 177 52
167 53 176 53
167 54 172 55
167 74 171 75
167 89 167 96
167 106 170 108
167 109 168 112
167 129 177 129
167 130 175 130
167 168 167 175
167 192 167 200
167 204 167 214
167 225 175 225
167 241 170 242
167 247 177 247
168 10 168 19
168 24 169 28
168 59 171 60
168 64 171 65
168 73 175 73
168 82 168 92
168 94 170 96
168 122 172 123
168 124 170 127
168 131 178 131
168 133 171 135
168 138 177 138
168 139 176 139
168 140 170 143
168 144 170 147
168 151 169 154
168 168 168 178
168 180 168 190
168 195 168 204
168 209 168 219
168 220 178 220
169 5 173 6
169 7 173 8
169 9 171 11
169 12 177 12
169 13 177 13
169 14 169 22
169 31 178 31
169 32 169 41
169 66 170 71
169 80 171 83
169 84 172 85
169 86 170 91
169 110 171 113
169 161 169 171
169 174 170 177
169 180 169 188
169 189 169 199
169 202 170 205
169 208 169 218
169 222 172 223
169 229 171 231
169 234 170 239
170 0 173 1
170 2 173 4
170 14 172 16
170 24 171 29
170 32 179 32
170 33 171 37
170 39 178 39
170 40 178 40
170 44 175 45
170 118 177 118
170 154 172 156
170 160 170 170
170 182 171 187
170 188 171 191
170 192 171 196
170 210 170 219
170 245 175 246
171 20 172 23
171 57 175 58
171 86 171 93
171 104 180 104
171 105 172 109
171 124 172 127
171 149 172 153
171 163 171 172
171 174 175 175
171 176 173 178
171 200 180 200
171 203 172 208
171 210 172 215
171 216 172 219
171 244 178 244
172 19 182 19
172 26 176 27
172 28 174 30
172 33 173 36
172 62 173 66
172 67 174 70
172 71 175 72
172 75 174 77
172 78 173 83
172 119 182 119
172 133 174 135
172 142 173 147
172 158 173 163
172 169 182 169
172 170 174 173
172 180 172 187
172 192 172 199
172 224 181 224
172 226 172 236
172 237 173 242
172 249 181 249
173 14 177 15
173 20 178 21
173 38 183 38
173 59 175 61
173 85 174 89
173 90 177 91
173 93 175 95
173 96 182 96
173 97 180 97
173 102 176 103
173 105 182 105
173 106 183 106
173 107 177 108
173 109 175 111
173 112 174 115
173 116 182 116
173 117 181 117
173 120 183 120
173 121 174 125
173 148 174 153
173 154 177 155
173 156 177 157
173 180 175 182
173 185 175 187
173 188 174 191
173 192 178 193
173 194 177 195
173 210 173 218
173 219 181 219
173 221 177 222
173 223 183 223
173 226 183 226
173 227 174 231
174 0 174 10
174 17 178 18
174 22 175 25
174 33 175 37
174 41 179 42
174 48 177 50
174 54 176 56
174 62 175 65
174 78 175 82
174 140 174 147
174 160 174 168
174 196 183 196
174 197 177 198
174 199 183 199
174 201 174 210
174 212 176 214
174 218 182 218
174 233 178 234
174 235 182 235
174 236 184 236
174 237 178 238
174 248 184 248
175 0 175 9
175 66 177 68
175 85 185 85
175 86 185 86
175 87 178 89
175 112 176 115
175 121 177 123
175 124 178 126
175 132 177 135
175 140 176 144
175 146 176 150
175 158 178 159
175 160 176 164
175 177 180 178
175 201 184 201
175 202 175 211
175 227 179 228
175 229 178 231
175 239 183 239
175 240 184 240
176 0 177 4
176 5 177 8
176 9 178 11
176 33 177 36
176 45 179 47
176 70 176 77
176 78 177 82
176 94 181 95
176 98 178 101
176 167 186 167
176 168 184 168
176 172 177 176
176 179 178 181
176 182 179 183
176 185 179 187
176 188 179 190
176 202 176 211
176 242 181 243
177 24 178 29
177 53 177 63
177 72 178 76
177 103 186 103
177 109 178 114
177 146 179 148
177 149 179 151
177 161 178 165
177 202 177 210
177 215 179 217
177 245 182 246
178 53 178 61
178 63 181 65
178 78 179 83
178 122 181 123
178 133 179 137
178 138 182 139
178 140 182 141
178 142 181 143
178 145 188 145
178 170 179 175
178 203 180 205
178 207 179 210
178 211 179 214
179 0 187 0
179 1 180 6
179 8 179 17
179 21 180 25
179 26 181 28
179 29 182 31
179 33 181 35
179 52 179 61
179 68 179 77
179 88 183 89
179 90 182 92
179 99 188 99
179 109 189 109
179 111 182 113
179 121 188 121
179 124 188 124
179 125 187 125
179 126 180 130
179 153 179 162
179 193 186 193
179 197 183 198
180 9 182 11
180 12 182 15
180 44 180 51
180 59 181 62
180 68 181 71
180 72 181 75
180 78 181 82
180 100 183 101
180 102 189 102
180 132 181 137
180 146 187 146
180 152 188 152
180 153 189 153
180 154 187 154
180 155 180 163
180 170 185 171
180 180 180 187
180 190 187 190
180 194 184 195
180 213 184 214
180 216 188 216
180 227 180 234
180 237 183 238
181 1 182 5
181 16 184 18
181 20 182 25
181 39 188 39
181 40 186 41
181 42 189 42
181 43 188 43
181 44 181 54
181 107 185 108
181 148 183 151
181 155 181 162
181 172 185 173
181 174 190 174
181 175 181 185
181 191 185 192
181 202 184 203
181 204 188 204
181 206 182 211
181 215 191 215
181 220 185 221
181 227 181 234
182 35 185 37
182 44 192 44
182 45 190 45
182 46 186 47
182 48 190 48
182 49 189 49
182 50 192 50
182 51 192 51
182 52 186 53
182 54 184 57
182 60 182 67
182 68 182 77
182 123 190 123
182 126 185 127
182 128 185 130
182 142 185 144
182 155 182 164
182 165 187 166
182 175 183 180
182 181 191 181
182 182 190 182
182 185 183 189
182 228 184 230
182 231 184 234
183 1 184 4
183 11 185 13
183 19 184 23
183 24 183 31
183 58 190 58
183 59 183 69
183 72 183 81
183 95 185 98
183 111 183 119
183 131 192 131
183 132 184 137
183 155 183 164
183 183 186 184
183 222 193 222
183 242 184 247
183 249 192 249
184 6 191 6
184 7 194 7
184 8 191 8
184 9 192 9
184 24 184 32
184 59 184 67
184 68 185 72
184 73 194 73
184 74 185 78
184 79 192 79
184 80 186 82
184 83 188 84
184 87 184 94
184 100 188 101
184 118 188 119
184 147 194 147
184 148 186 151
184 158 185 162
184 175 185 180
184 205 185 210
185 17 186 21
185 23 185 32
185 63 193 63
185 64 192 64
185 65 187 67
185 87 185 94
185 110 186 113
185 114 187 116
185 155 188 157
185 187 187 189
185 198 186 203
185 217 193 217
185 219 193 219
185 223 185 232
185 235 186 239
185 242 190 243
185 244 195 244
185 247 195 247
185 248 193 248
186 1 187 5
186 24 186 33
186 34 193 34
186 35 188 38
186 54 189 56
186 59 189 61
186 68 188 71
186 74 187 78
186 87 186 97
186 104 187 107
186 134 186 144
186 158 187 163
186 205 186 212
186 220 191 221
186 223 190 224
186 225 186 234
187 11 187 20
187 24 187 32
187 52 190 53
187 81 192 82
187 85 191 86
187 87 196 87
187 88 194 88
187 89 191 90
187 91 196 91
187 92 191 93
187 94 196 94
187 95 196 95
187 96 195 96
187 126 188 130
187 132 192 133
187 134 187 143
187 176 190 177
187 178 190 180
187 193 187 202
187 205 188 209
187 211 189 214
187 225 187 234
188 0 189 5
188 11 188 19
188 24 188 31
188 32 195 32
188 104 189 108
188 110 189 114
188 134 188 144
188 148 191 150
188 160 188 168
188 183 189 187
188 190 188 199
188 225 190 227
188 229 188 238
189 11 191 14
189 18 189 28
189 35 194 36
189 37 196 37
189 38 191 41
189 74 190 78
189 80 199 80
189 98 191 100
189 135 190 140
189 141 190 146
189 162 189 172
189 188 190 192
189 193 190 197
189 199 190 202
189 210 196 210
189 229 189 236
189 238 190 241
190 1 191 5
190 16 190 23
190 24 191 29
190 33 197 33
190 59 192 62
190 65 191 70
190 103 191 106
190 107 199 107
190 108 194 109
190 110 190 120
190 121 193 122
190 126 192 129
190 155 193 156
190 157 191 162
190 163 192 165
190 166 190 173
190 183 193 185
190 207 192 209
190 211 191 214
190 229 191 233
191 15 193 17
191 45 192 49
191 53 192 57
191 71 199 71
191 72 199 72
191 74 192 78
191 110 193 113
191 114 193 117
191 118 193 120
191 134 192 139
191 140 192 145
191 151 199 151
191 152 198 152
191 153 195 154
191 166 191 176
191 177 193 180
191 186 192 191
191 193 191 203
191 223 192 228
191 235 194 236
191 237 192 242
192 13 195 14
192 18 192 25
192 27 195 28
192 29 195 31
192 65 193 69
192 70 199 70
192 83 194 86
192 89 197 90
192 92 196 93
192 97 192 106
192 157 193 160
192 166 192 176
192 195 192 205
192 214 194 216
192 229 193 232
192 246 199 246
193 0 194 4
193 5 198 6
193 8 194 12
193 19 194 23
193 24 195 26
193 40 193 48
193 50 193 60
193 78 197 79
193 81 197 82
193 97 193 105
193 123 193 130
193 132 193 142
193 162 194 166
193 188 197 189
193 191 195 193
193 195 193 204
193 224 195 227
193 233 196 234
193 237 194 241
194 39 197 40
194 41 194 51
194 58 195 62
194 75 196 77
194 99 195 104
194 111 195 114
194 116 195 121
194 123 194 132
194 134 195 138
194 140 196 142
194 143 195 146
194 149 198 150
194 160 199 161
194 170 194 179
194 180 195 184
194 196 195 201
194 204 195 209
194 212 197 213
194 217 195 221
194 229 196 232
195 0 197 3
195 15 195 23
195 41 195 48
195 50 195 57
195 68 199 69
195 123 195 133
195 155 198 157
195 158 199 159
195 162 195 172
195 174 196 178
195 235 196 238
195 241 199 242
196 7 199 8
196 9 199 11
196 13 199 15
196 16 196 24
196 25 196 32
196 34 199 36
196 41 196 51
196 55 197 59
196 60 197 65
196 83 199 85
196 96 197 101
196 104 199 106
196 109 196 117
196 122 196 132
196 134 197 139
196 143 197 148
196 163 196 173
196 181 197 186
196 191 197 195
196 197 198 200
196 201 199 202
196 203 199 205
196 206 199 208
196 219 196 228
196 243 199 245
196 248 199 249
197 16 197 26
197 27 198 32
197 43 197 50
197 74 199 77
197 115 199 118
197 121 197 129
197 130 198 133
197 164 197 174
197 175 198 180
197 209 199 211
197 220 197 230
197 235 198 240
198 0 199 3
198 21 199 26
198 40 198 50
198 51 199 56
198 57 199 61
198 62 199 67
198 91 198 101
198 108 199 112
198 120 199 125
198 134 198 144
198 163 199 168
198 185 198 195
198 212 199 217
198 220 199 225
198 226 198 234
199 39 199 48
199 92 199 102
199 127 199 137
199 138 199 146
199 169 199 179
199 187 199 197
199 226 199 235