4114
0 0 11 0
0 13 2 16
0 18 5 19
0 21 2 24
0 26 3 28
0 29 5 30
0 31 1 36
0 37 11 37
0 63 0 74
0 75 2 78
0 97 11 97
0 100 5 101
0 114 1 119
0 120 11 120
0 121 1 126
0 155 1 160
0 161 2 164
0 174 11 174
0 177 11 177
0 179 2 182
0 183 2 186
0 187 5 188
0 202 1 207
0 222 2 225
0 232 1 237
0 243 1 248
1 5 2 10
1 11 12 11
1 38 4 40
1 41 2 46
1 47 3 50
1 54 3 57
1 62 1 73
1 74 12 74
1 79 4 81
1 85 3 88
1 102 3 105
1 106 12 106
1 107 3 110
1 127 12 127
1 129 12 129
1 134 6 135
1 137 2 142
1 216 12 216
1 217 3 220
2 3 13 3
2 31 3 36
2 51 7 52
2 58 2 69
2 70 4 73
2 82 7 83
2 89 3 94
2 114 7 115
2 116 4 119
2 121 3 126
2 153 13 153
2 154 3 159
2 165 7 166
2 168 5 170
2 171 13 171
2 175 13 175
2 191 5 193
2 202 3 207
2 213 13 213
2 232 3 237
2 240 5 242
2 243 3 248
3 4 4 9
3 12 8 13
3 15 14 15
3 20 14 20
3 21 5 24
3 41 4 46
3 58 3 69
3 75 6 77
3 130 8 131
3 137 4 142
3 144 14 144
3 148 5 151
3 160 14 160
3 161 5 164
3 179 14 179
3 180 14 180
3 181 4 186
3 194 14 194
3 197 5 200
3 210 14 210
3 221 4 226
3 227 6 229
4 1 9 2
4 10 15 10
4 16 15 16
4 26 7 28
4 31 5 36
4 47 7 49
4 53 4 64
4 65 15 65
4 66 7 68
4 78 15 78
4 84 15 84
4 87 15 87
4 88 5 93
4 102 15 102
4 103 15 103
4 105 15 105
4 107 6 110
4 121 5 126
4 154 5 159
4 190 15 190
4 195 9 196
4 201 15 201
4 202 9 203
4 204 7 206
4 217 6 220
4 232 6 235
4 243 5 248
5 4 6 9
5 38 8 40
5 41 6 46
5 53 5 64
5 69 7 72
5 73 16 73
5 80 10 81
5 85 16 85
5 94 16 94
5 116 7 119
5 128 16 128
5 136 6 141
5 146 10 147
5 152 16 152
5 173 16 173
5 181 6 186
5 212 16 212
5 214 10 215
5 221 6 226
5 236 16 236
6 18 11 19
6 21 8 24
6 29 7 34
6 53 6 64
6 88 7 93
6 100 11 101
6 104 17 104
6 121 7 126
6 148 8 151
6 154 7 159
6 161 8 164
6 168 9 170
6 187 17 187
6 191 9 193
6 197 11 198
6 199 17 199
6 240 17 240
6 241 11 242
6 243 7 248
7 4 8 9
7 14 18 14
7 35 18 35
7 41 8 46
7 53 7 64
7 75 10 77
7 79 18 79
7 107 9 110
7 132 18 132
7 134 8 139
7 140 9 143
7 181 8 186
7 188 18 188
7 207 18 207
7 209 18 209
7 217 8 222
7 223 18 223
7 224 8 229
7 232 9 235
8 26 11 28
8 29 9 34
8 47 10 50
8 51 13 52
8 53 8 64
8 66 9 71
8 72 19 72
8 82 13 83
8 88 9 93
8 99 19 99
8 112 19 112
8 114 9 119
8 121 9 126
8 154 9 159
8 165 13 166
8 176 19 176
8 204 11 206
8 230 19 230
8 243 13 244
8 245 10 248
9 4 10 9
9 12 14 13
9 21 11 24
9 36 20 36
9 38 10 43
9 44 12 46
9 53 9 64
9 86 20 86
9 96 20 96
9 98 20 98
9 130 14 131
9 133 10 138
9 139 20 139
9 148 11 151
9 161 14 162
9 163 14 164
9 172 20 172
9 181 10 186
9 189 20 189
9 217 10 222
9 224 10 229
9 237 12 239
10 1 15 2
10 29 11 34
10 53 10 64
10 66 11 71
10 88 11 93
10 107 12 110
10 111 21 111
10 113 11 118
10 119 21 119
10 121 11 126
10 140 21 140
10 141 13 143
10 154 11 159
10 168 13 170
10 191 13 193
10 195 15 196
10 200 21 200
10 202 15 203
10 232 21 232
10 233 13 235
11 4 12 9
11 25 22 25
11 38 12 43
11 47 13 50
11 53 11 64
11 75 14 77
11 80 16 81
11 95 22 95
11 133 12 138
11 145 22 145
11 146 16 147
11 167 22 167
11 178 22 178
11 181 12 186
11 208 22 208
11 214 16 215
11 217 12 222
11 224 14 226
11 227 14 229
11 231 22 231
11 245 13 248
12 0 23 0
12 17 15 19
12 21 14 24
12 26 13 31
12 33 17 34
12 53 12 64
12 66 13 71
12 88 13 93
12 97 23 97
12 100 17 101
12 113 13 118
12 120 13 125
12 126 23 126
12 148 14 151
12 154 13 159
12 174 23 174
12 177 23 177
12 197 23 197
12 198 23 198
12 204 15 206
12 211 23 211
12 241 17 242
13 4 14 9
13 11 24 11
13 32 24 32
13 37 16 39
13 40 24 40
13 41 14 46
13 53 13 64
13 74 24 74
13 106 15 109
13 127 24 127
13 133 16 135
13 136 16 138
13 181 14 186
13 216 14 221
13 222 24 222
13 237 16 239
14 3 25 3
14 26 15 31
14 47 25 47
14 48 16 51
14 52 14 63
14 64 25 64
14 66 15 71
14 82 19 83
14 88 15 93
14 113 15 118
14 120 19 121
14 122 16 125
14 141 17 143
14 153 15 158
14 165 25 165
14 166 25 166
14 168 16 171
14 175 25 175
14 191 17 193
14 213 25 213
14 233 25 233
14 234 19 235
14 243 15 248
15 4 16 9
15 12 20 13
15 15 26 15
15 20 26 20
15 21 17 24
15 41 16 46
15 52 15 63
15 75 18 77
15 130 20 131
15 144 26 144
15 148 17 151
15 159 16 164
15 180 16 185
15 186 26 186
15 194 26 194
15 216 16 221
15 224 16 229
16 1 21 2
16 10 27 10
16 16 27 16
16 17 19 19
16 26 17 31
16 52 16 63
16 65 17 70
16 87 19 89
16 90 18 93
16 102 27 102
16 103 27 103
16 105 17 110
16 113 17 118
16 129 27 129
16 153 17 158
16 190 27 190
16 195 21 196
16 201 17 206
16 210 27 210
16 243 17 248
17 5 28 5
17 6 28 6
17 7 20 9
17 37 20 39
17 41 18 46
17 48 20 50
17 51 17 62
17 63 28 63
17 71 28 71
17 73 28 73
17 80 22 81
17 84 22 85
17 94 28 94
17 122 19 125
17 133 18 138
17 146 28 146
17 152 28 152
17 159 18 164
17 168 19 171
17 173 28 173
17 180 18 185
17 212 28 212
17 214 22 215
17 216 18 221
17 224 18 229
17 236 19 239
18 21 20 24
18 26 19 31
18 33 29 33
18 34 29 34
18 51 18 62
18 65 19 70
18 100 23 101
18 104 19 109
18 110 29 110
18 113 19 118
18 141 21 143
18 148 20 151
18 153 19 158
18 187 29 187
18 191 21 193
18 199 29 199
18 201 19 206
18 240 21 242
18 243 19 248
19 35 30 35
19 41 20 46
19 51 19 62
19 75 30 75
19 76 21 79
19 90 21 93
19 132 20 137
19 138 30 138
19 159 20 164
19 180 20 185
19 188 30 188
19 207 30 207
19 209 30 209
19 216 20 221
19 223 30 223
19 224 20 229
20 17 25 18
20 19 31 19
20 26 21 31
20 51 20 62
20 65 21 70
20 72 31 72
20 83 31 83
20 87 23 89
20 99 31 99
20 104 21 109
20 112 21 117
20 120 21 125
20 153 21 158
20 168 22 171
20 201 21 206
20 230 31 230
20 234 21 239
20 243 21 248
21 8 26 9
21 12 24 14
21 21 23 24
21 36 23 39
21 41 22 46
21 48 24 50
21 51 21 62
21 82 32 82
21 86 32 86
21 96 32 96
21 98 32 98
21 118 32 118
21 128 32 128
21 130 26 131
21 132 22 137
21 139 32 139
21 147 24 149
21 150 26 151
21 159 22 164
21 172 32 172
21 179 23 182
21 183 24 185
21 189 32 189
21 216 22 221
21 224 22 229
22 1 27 2
22 4 33 4
22 26 23 31
22 51 27 52
22 53 23 58
22 59 24 62
22 65 23 70
22 76 24 79
22 90 24 93
22 104 23 109
22 111 23 116
22 117 33 117
22 119 33 119
22 120 23 125
22 140 24 143
22 153 25 155
22 156 25 158
22 191 33 191
22 192 27 193
22 195 33 195
22 196 33 196
22 200 33 200
22 201 27 202
22 203 27 204
22 205 27 206
22 232 33 232
22 234 25 236
22 237 22 248
23 25 34 25
23 41 24 46
23 80 28 81
23 84 34 84
23 85 34 85
23 95 34 95
23 132 24 137
23 145 34 145
23 159 24 164
23 167 34 167
23 168 25 171
23 178 34 178
23 208 34 208
23 214 25 217
23 218 25 221
23 224 24 229
23 237 23 248
24 21 35 21
24 22 27 24
24 26 25 31
24 36 26 39
24 53 25 58
24 65 25 70
24 87 27 89
24 97 35 97
24 100 29 101
24 104 25 109
24 111 25 116
24 121 25 126
24 174 35 174
24 177 35 177
24 179 35 179
24 180 27 182
24 197 29 198
24 211 35 211
24 237 24 248
25 11 27 14
25 32 36 32
25 40 26 45
25 46 36 46
25 48 28 50
25 59 27 62
25 74 36 74
25 76 27 79
25 90 27 93
25 127 36 127
25 132 26 137
25 140 27 143
25 147 28 149
25 159 26 164
25 183 30 184
25 185 36 185
25 222 36 222
25 224 26 229
25 237 25 248
26 3 37 3
26 17 31 18
26 26 31 27
26 28 28 31
26 47 37 47
26 53 27 58
26 64 37 64
26 65 27 70
26 104 27 109
26 111 27 116
26 120 37 120
26 121 28 124
26 125 31 126
26 153 27 158
26 165 31 166
26 168 28 171
26 175 31 176
26 213 29 215
26 216 27 221
26 233 26 244
26 245 31 246
26 247 31 248
27 7 30 9
27 15 38 15
27 20 38 20
27 36 38 36
27 37 28 42
27 43 30 45
27 130 29 133
27 135 30 137
27 144 38 144
27 150 32 151
27 159 28 164
27 194 38 194
27 224 38 224
27 225 32 226
27 227 30 229
27 231 38 231
27 233 32 234
27 235 29 238
27 239 28 244
28 10 39 10
28 11 30 14
28 16 39 16
28 22 31 24
28 51 29 56
28 57 29 62
28 65 29 70
28 76 30 79
28 87 39 87
28 88 29 93
28 102 29 107
28 108 33 109
28 111 29 116
28 134 39 134
28 140 30 143
28 153 29 158
28 180 31 182
28 192 33 193
28 201 29 206
28 210 39 210
28 216 29 221
28 249 30 252
29 5 34 6
29 28 31 31
29 37 30 42
29 48 32 50
29 63 40 63
29 71 40 71
29 73 40 73
29 80 34 81
29 94 40 94
29 121 31 124
29 146 31 149
29 159 30 164
29 168 31 171
29 173 40 173
29 212 40 212
29 239 31 242
29 243 34 244
30 33 35 34
30 51 30 62
30 65 31 70
30 88 31 93
30 100 31 105
30 106 35 107
30 110 31 115
30 130 35 131
30 132 35 133
30 152 32 155
30 156 33 158
30 186 35 187
30 197 33 199
30 201 31 206
30 213 33 215
30 216 31 221
30 235 32 238
31 7 34 9
31 11 33 14
31 37 33 40
31 41 42 41
31 42 33 45
31 51 31 62
31 75 42 75
31 76 33 79
31 116 42 116
31 135 33 138
31 140 33 143
31 159 32 164
31 183 36 184
31 188 42 188
31 190 42 190
31 207 42 207
31 209 42 209
31 227 34 229
31 249 33 252
32 17 35 19
32 22 35 24
32 26 33 31
32 51 32 62
32 65 33 70
32 72 43 72
32 88 33 93
32 99 35 101
32 102 34 105
32 110 33 115
32 121 33 126
32 146 34 149
32 165 37 166
32 168 34 171
32 175 37 176
32 180 37 181
32 182 43 182
32 201 33 206
32 216 33 221
32 230 43 230
32 239 43 239
32 240 43 240
32 241 37 242
32 245 34 248
33 48 33 59
33 60 36 62
33 82 38 83
33 96 44 96
33 98 44 98
33 118 44 118
33 128 38 129
33 139 44 139
33 150 34 155
33 159 44 159
33 161 35 164
33 172 44 172
33 189 44 189
33 225 38 226
33 233 34 238
34 2 45 2
34 11 36 14
34 26 35 31
34 35 45 35
34 37 36 40
34 42 36 45
34 48 34 59
34 65 35 70
34 76 36 79
34 88 35 93
34 108 35 113
34 114 39 115
34 117 45 117
34 119 45 119
34 121 35 126
34 135 36 138
34 140 36 143
34 156 37 158
34 191 45 191
34 192 39 193
34 195 34 206
34 213 37 215
34 216 35 221
34 249 37 251
35 4 36 9
35 25 46 25
35 48 35 59
35 80 40 81
35 84 38 86
35 95 46 95
35 102 46 102
35 103 40 104
35 145 46 145
35 146 37 149
35 150 36 155
35 160 46 160
35 167 46 167
35 168 37 171
35 178 46 178
35 195 35 206
35 208 46 208
35 227 38 229
35 233 36 238
35 243 36 248
36 17 39 19
36 21 38 24
36 26 41 27
36 28 38 31
36 33 41 34
36 48 37 53
36 54 37 59
36 65 37 70
36 88 37 93
36 97 47 97
36 99 39 101
36 106 38 109
36 110 38 113
36 121 37 126
36 130 38 133
36 161 38 164
36 174 47 174
36 177 47 177
36 179 47 179
36 186 41 187
36 195 36 206
36 211 47 211
36 216 37 221
37 4 39 7
37 8 42 9
37 11 39 14
37 32 48 32
37 37 39 40
37 42 42 43
37 44 48 44
37 45 42 46
37 60 40 62
37 74 48 74
37 76 39 79
37 127 48 127
37 135 39 138
37 140 39 143
37 150 38 155
37 183 40 185
37 195 37 206
37 222 42 223
37 232 39 235
37 236 48 236
37 237 42 238
37 243 48 243
37 244 48 244
37 245 39 248
38 1 49 1
38 47 38 58
38 59 49 59
38 64 40 67
38 68 41 70
38 88 39 93
38 120 39 125
38 146 40 149
38 156 41 158
38 165 43 166
38 168 40 171
38 175 43 176
38 180 43 181
38 195 38 206
38 213 41 215
38 216 39 221
38 241 43 242
38 249 43 250
39 3 50 3
39 15 50 15
39 20 50 20
39 21 41 24
39 28 41 31
39 36 50 36
39 47 39 58
39 82 44 83
39 84 44 85
39 105 42 107
39 108 40 113
39 126 50 126
39 128 40 133
39 144 50 144
39 150 40 155
39 161 41 164
39 194 50 194
39 195 39 206
39 224 40 229
39 231 50 231
40 5 43 7
40 10 51 10
40 11 42 14
40 16 42 19
40 37 42 40
40 47 40 58
40 76 42 79
40 86 45 87
40 88 41 93
40 99 43 101
40 114 45 115
40 120 51 120
40 121 43 123
40 124 45 125
40 134 51 134
40 135 42 138
40 140 42 143
40 192 45 193
40 195 40 206
40 210 51 210
40 216 41 221
40 232 42 235
40 245 42 248
41 47 41 58
41 60 46 61
41 62 42 67
41 71 52 71
41 73 52 73
41 80 52 80
41 94 52 94
41 103 46 104
41 108 42 113
41 128 42 133
41 146 43 149
41 150 42 155
41 168 44 170
41 171 52 171
41 173 52 173
41 183 44 185
41 195 41 206
41 224 42 229
42 21 44 24
42 26 43 31
42 33 53 33
42 34 53 34
42 47 42 58
42 68 45 70
42 81 53 81
42 88 43 93
42 156 53 156
42 157 47 158
42 161 44 164
42 186 47 187
42 195 43 200
42 201 43 206
42 212 44 215
42 216 43 221
43 8 48 9
43 11 45 14
43 16 54 16
43 17 46 19
43 37 54 37
43 38 44 43
43 47 43 58
43 62 44 67
43 75 54 75
43 76 45 79
43 105 46 107
43 108 44 113
43 116 54 116
43 128 44 133
43 135 45 138
43 140 48 141
43 142 48 143
43 150 44 155
43 190 54 190
43 207 54 207
43 209 54 209
43 222 48 223
43 224 44 229
43 232 45 235
43 237 48 238
43 245 45 248
44 4 55 4
44 5 47 7
44 26 49 27
44 28 46 31
44 47 44 58
44 72 55 72
44 88 45 93
44 99 47 101
44 121 55 121
44 122 49 123
44 146 46 149
44 165 49 166
44 175 49 176
44 180 47 182
44 195 44 206
44 216 45 221
44 230 55 230
44 239 46 242
45 21 47 24
45 38 46 43
45 47 45 58
45 62 46 67
45 82 47 85
45 96 56 96
45 98 56 98
45 108 46 113
45 128 46 133
45 139 56 139
45 150 46 155
45 161 47 164
45 168 56 168
45 169 50 170
45 172 56 172
45 183 48 185
45 195 45 206
45 212 47 215
45 224 46 229
46 2 57 2
46 11 48 14
46 35 57 35
46 45 47 50
46 51 47 56
46 57 51 58
46 68 49 70
46 76 48 79
46 86 51 87
46 88 47 93
46 114 57 114
46 115 57 115
46 117 49 119
46 124 51 125
46 135 48 138
46 188 51 189
46 191 57 191
46 192 51 193
46 195 46 206
46 216 47 221
46 232 48 235
46 245 48 248
47 17 52 18
47 25 58 25
47 28 49 31
47 38 52 39
47 40 49 43
47 60 49 63
47 64 49 67
47 102 47 113
47 128 48 133
47 145 58 145
47 146 48 151
47 152 49 155
47 159 52 160
47 167 58 167
47 195 47 206
47 208 58 208
47 224 48 229
47 239 49 242
48 5 51 7
48 21 50 24
48 45 48 56
48 82 50 85
48 88 49 93
48 95 59 95
48 99 51 101
48 102 48 113
48 157 53 158
48 161 50 164
48 177 49 182
48 186 59 186
48 187 59 187
48 195 48 206
48 211 49 216
48 217 59 217
48 218 50 221
48 249 53 250
49 8 54 9
49 11 51 14
49 32 60 32
49 44 49 55
49 74 60 74
49 76 51 79
49 102 49 113
49 127 50 132
49 133 60 133
49 135 51 138
49 140 52 142
49 143 60 143
49 146 50 151
49 174 60 174
49 183 52 185
49 195 49 206
49 222 54 223
49 224 50 229
49 232 60 232
49 233 50 238
49 243 50 248
50 1 61 1
50 26 51 31
50 40 52 43
50 44 53 46
50 47 51 52
50 53 52 56
50 59 51 64
50 65 51 70
50 88 51 93
50 102 50 113
50 117 53 119
50 122 55 123
50 152 52 155
50 165 55 166
50 176 61 176
50 177 51 182
50 195 50 206
50 211 51 216
50 239 52 242
51 3 62 3
51 15 62 15
51 19 52 24
51 36 62 36
51 82 53 85
51 102 51 113
51 126 54 128
51 129 53 132
51 144 62 144
51 146 52 151
51 161 53 164
51 169 56 170
51 194 51 205
51 206 62 206
51 218 53 221
51 224 56 225
51 226 53 229
51 231 62 231
51 233 52 238
51 243 52 248
52 5 55 7
52 10 54 13
52 14 63 14
52 26 53 31
52 47 53 52
52 57 54 60
52 61 54 64
52 65 53 70
52 76 54 79
52 86 57 87
52 88 53 93
52 99 55 101
52 102 52 113
52 120 63 120
52 124 57 125
52 134 57 135
52 136 55 138
52 177 63 177
52 178 57 179
52 180 55 182
52 188 57 189
52 192 57 193
52 194 53 199
52 200 53 205
52 211 53 216
53 17 54 22
53 23 58 24
53 38 54 43
53 53 55 56
53 71 64 71
53 73 64 73
53 80 64 80
53 94 64 94
53 97 64 97
53 102 58 103
53 104 55 107
53 108 54 113
53 140 56 142
53 146 55 149
53 150 54 155
53 159 58 160
53 171 64 171
53 173 64 173
53 183 56 185
53 233 55 236
53 237 53 248
54 26 55 31
54 33 65 33
54 34 65 34
54 44 55 49
54 50 57 52
54 65 55 70
54 81 59 82
54 83 57 85
54 88 55 93
54 117 57 119
54 129 56 132
54 156 57 158
54 161 56 164
54 194 54 205
54 211 55 216
54 218 65 218
54 219 57 221
54 226 56 229
54 237 54 248
54 249 59 250
55 8 56 13
55 16 57 19
55 20 58 22
55 37 58 39
55 40 57 43
55 57 60 58
55 59 56 64
55 75 66 75
55 76 57 79
55 108 56 113
55 116 66 116
55 126 58 128
55 150 56 155
55 194 55 205
55 222 60 223
55 237 55 248
56 4 58 7
56 26 57 31
56 44 57 49
56 53 58 56
56 65 57 70
56 72 67 72
56 88 57 93
56 99 59 101
56 104 61 105
56 106 61 107
56 122 61 123
56 136 59 138
56 146 58 149
56 165 61 166
56 180 59 182
56 190 67 190
56 194 57 199
56 200 59 202
56 203 59 205
56 209 67 209
56 210 59 212
56 213 58 216
56 230 67 230
56 233 58 236
56 237 56 248
57 8 58 13
57 59 58 64
57 96 68 96
57 98 68 98
57 108 58 113
57 121 68 121
57 129 59 132
57 139 59 142
57 150 58 155
57 161 59 164
57 168 60 170
57 172 68 172
57 183 60 185
57 207 68 207
57 224 58 229
57 237 57 248
58 2 69 2
58 16 60 19
58 26 59 31
58 35 69 35
58 40 69 40
58 41 59 46
58 47 59 52
58 65 59 70
58 76 60 79
58 83 69 83
58 84 60 87
58 88 59 93
58 114 63 115
58 117 61 119
58 124 63 125
58 134 63 135
58 156 69 156
58 157 63 158
58 175 69 175
58 178 63 179
58 188 63 189
58 191 59 196
58 197 69 197
58 198 63 199
58 219 61 221
58 237 58 248
59 4 60 9
59 10 61 13
59 20 61 23
59 24 64 25
59 37 62 39
59 53 61 56
59 59 62 61
59 62 62 64
59 102 64 103
59 108 60 113
59 126 62 128
59 145 60 150
59 151 70 151
59 152 61 155
59 160 70 160
59 167 70 167
59 208 70 208
59 213 61 216
59 224 60 229
59 233 61 236
59 237 59 248
60 26 65 27
60 28 62 31
60 41 60 52
60 65 61 70
60 81 65 82
60 88 61 93
60 95 71 95
60 99 63 101
60 129 62 132
60 136 71 136
60 137 61 142
60 159 71 159
60 161 62 164
60 180 63 182
60 186 65 187
60 191 61 196
60 200 61 205
60 210 63 212
60 217 71 217
60 237 60 248
60 249 65 250
61 4 62 9
61 16 66 17
61 18 66 19
61 32 72 32
61 41 63 44
61 45 72 45
61 46 62 51
61 57 66 58
61 74 72 74
61 76 63 79
61 84 63 87
61 108 62 113
61 133 72 133
61 143 72 143
61 145 62 150
61 168 64 170
61 174 72 174
61 183 64 185
61 222 66 223
61 224 62 229
61 232 72 232
61 237 61 248
62 1 73 1
62 10 64 13
62 20 64 23
62 52 73 52
62 53 64 56
62 65 63 70
62 88 63 93
62 104 64 107
62 117 65 119
62 122 67 123
62 137 63 142
62 153 67 154
62 155 73 155
62 165 73 165
62 166 73 166
62 176 73 176
62 191 63 196
62 200 63 205
62 213 73 213
62 214 65 216
62 219 65 221
62 233 64 236
62 237 62 248
63 3 66 5
63 6 65 9
63 28 65 31
63 36 65 39
63 46 64 51
63 59 64 64
63 108 64 113
63 126 64 131
63 144 64 149
63 150 74 150
63 161 65 164
63 206 74 206
63 224 64 229
63 231 74 231
63 237 63 248
64 14 69 15
64 41 66 44
64 65 67 67
64 68 67 70
64 76 66 79
64 84 66 87
64 88 65 93
64 99 67 101
64 114 69 115
64 120 75 120
64 124 69 125
64 132 75 132
64 134 69 135
64 137 65 142
64 157 69 158
64 177 69 178
64 179 66 182
64 188 69 189
64 191 65 196
64 198 69 199
64 200 65 205
64 210 67 212
64 237 64 248
65 10 67 13
65 20 66 25
65 46 66 51
65 53 67 56
65 59 66 64
65 71 76 71
65 73 76 73
65 80 76 80
65 94 76 94
65 102 65 113
65 126 66 131
65 144 66 149
65 168 67 171
65 173 76 173
65 183 68 185
65 224 66 229
65 233 68 235
65 237 65 248
66 6 68 9
66 26 67 31
66 33 71 34
66 36 77 36
66 37 69 39
66 81 71 82
66 88 67 93
66 102 66 113
66 117 69 119
66 137 67 142
66 152 77 152
66 161 68 164
66 186 71 187
66 191 67 196
66 200 67 205
66 214 69 216
66 218 68 221
66 237 66 248
66 249 71 250
67 3 70 5
67 16 69 19
67 20 68 25
67 41 69 44
67 46 68 51
67 57 68 62
67 63 78 63
67 64 78 64
67 75 69 78
67 84 69 87
67 97 78 97
67 102 67 113
67 126 68 131
67 144 69 147
67 148 78 148
67 149 78 149
67 179 69 182
67 222 78 222
67 223 69 226
67 227 70 229
67 237 67 248
68 10 70 13
68 26 69 31
68 53 70 56
68 65 69 70
68 72 79 72
68 88 69 93
68 99 68 110
68 111 71 113
68 122 79 122
68 123 79 123
68 137 69 142
68 153 73 154
68 168 70 171
68 190 70 193
68 194 79 194
68 195 73 196
68 200 69 205
68 209 70 212
68 230 79 230
68 237 68 248
69 6 71 9
69 20 71 23
69 24 74 25
69 46 70 51
69 57 70 62
69 79 80 79
69 96 80 96
69 98 69 109
69 110 80 110
69 121 80 121
69 126 70 131
69 161 71 164
69 172 80 172
69 183 72 185
69 207 80 207
69 218 71 221
69 233 71 236
69 237 70 242
69 243 70 248
70 2 81 2
70 14 71 19
70 26 71 31
70 37 75 38
70 39 71 44
70 65 71 70
70 75 72 78
70 83 81 83
70 84 72 87
70 88 75 89
70 90 72 93
70 98 70 109
70 114 71 119
70 124 75 125
70 134 75 135
70 137 71 142
70 144 72 147
70 156 81 156
70 157 75 158
70 175 81 175
70 177 71 182
70 188 75 189
70 197 81 197
70 198 75 199
70 200 71 205
70 214 81 214
70 215 81 215
70 216 81 216
70 223 72 226
71 3 74 5
71 10 73 13
71 35 82 35
71 46 72 51
71 53 73 56
71 57 82 57
71 59 73 62
71 98 71 109
71 126 76 127
71 128 73 131
71 151 82 151
71 160 82 160
71 167 73 170
71 171 82 171
71 190 73 193
71 208 73 211
71 212 82 212
71 227 74 229
71 237 71 248
72 7 75 9
72 14 74 17
72 18 73 23
72 26 73 31
72 33 77 34
72 39 73 44
72 65 73 70
72 81 83 81
72 82 83 82
72 95 83 95
72 98 72 109
72 111 75 113
72 114 73 119
72 136 75 138
72 139 74 142
72 159 83 159
72 161 74 164
72 177 73 182
72 186 77 187
72 200 73 205
72 217 83 217
72 218 74 221
72 233 74 236
72 237 72 248
72 249 77 250
73 32 84 32
73 45 74 50
73 74 76 76
73 77 78 78
73 84 78 85
73 86 78 87
73 90 75 93
73 98 73 109
73 133 84 133
73 143 75 146
73 147 84 147
73 174 84 174
73 183 78 184
73 185 84 185
73 223 75 226
73 237 75 240
73 241 75 244
73 245 75 248
74 1 85 1
74 6 85 6
74 10 76 13
74 18 75 23
74 26 75 31
74 39 75 44
74 51 75 56
74 58 85 58
74 59 76 62
74 65 75 70
74 98 74 109
74 114 75 119
74 128 76 131
74 153 77 155
74 165 75 170
74 176 85 176
74 177 75 182
74 190 76 193
74 195 79 196
74 200 75 205
74 208 77 210
74 211 85 211
74 213 85 213
74 232 85 232
75 3 78 5
75 14 77 17
75 24 80 25
75 45 76 50
75 98 75 109
75 139 77 142
75 161 77 164
75 206 86 206
75 218 77 221
75 227 78 229
75 231 86 231
75 233 77 236
76 7 79 9
76 18 77 23
76 26 77 31
76 37 81 38
76 39 77 44
76 51 77 56
76 65 77 70
76 88 77 93
76 98 77 103
76 104 77 109
76 111 77 116
76 117 78 120
76 124 81 125
76 132 87 132
76 135 78 138
76 143 87 143
76 144 79 146
76 157 81 158
76 165 77 170
76 177 77 182
76 188 81 189
76 198 81 199
76 200 77 205
76 223 78 226
76 237 76 248
77 10 79 13
77 45 78 50
77 59 79 62
77 71 88 71
77 73 79 76
77 80 88 80
77 94 88 94
77 126 78 131
77 150 88 150
77 190 79 193
77 237 77 248
78 14 81 16
78 17 79 22
78 26 79 31
78 33 83 34
78 36 89 36
78 39 79 44
78 51 79 56
78 65 79 70
78 88 79 93
78 98 78 109
78 111 79 116
78 139 80 142
78 152 80 155
78 161 80 164
78 165 79 170
78 173 89 173
78 177 81 179
78 180 81 182
78 186 83 187
78 200 79 205
78 208 81 210
78 218 80 221
78 233 80 236
78 237 78 248
78 249 83 250
79 3 82 5
79 23 90 23
79 45 80 50
79 63 84 64
79 77 84 78
79 84 81 87
79 97 79 108
79 109 90 109
79 117 90 117
79 118 82 120
79 126 80 131
79 135 81 138
79 148 84 149
79 183 84 184
79 222 84 223
79 224 80 229
79 237 79 248
80 7 81 12
80 17 91 17
80 18 91 18
80 19 82 22
80 26 81 31
80 39 81 44
80 51 81 56
80 59 82 62
80 65 81 70
80 72 91 72
80 73 82 76
80 88 81 93
80 97 80 108
80 111 81 116
80 122 85 123
80 144 83 146
80 165 81 170
80 190 81 195
80 200 85 201
80 202 82 205
80 230 91 230
80 237 80 248
81 13 92 13
81 24 86 25
81 45 83 48
81 49 86 50
81 79 92 79
81 96 81 107
81 108 92 108
81 126 82 131
81 139 83 142
81 152 92 152
81 153 84 155
81 161 83 164
81 172 92 172
81 207 92 207
81 218 83 221
81 224 82 229
81 233 83 236
81 237 81 248
82 7 83 12
82 14 85 16
82 26 83 31
82 37 87 38
82 39 83 44
82 51 83 56
82 65 84 68
82 69 93 69
82 70 93 70
82 83 83 88
82 89 93 89
82 90 84 93
82 96 82 107
82 111 83 116
82 124 87 125
82 134 84 137
82 138 93 138
82 156 85 158
82 165 83 170
82 175 93 175
82 177 83 182
82 188 82 199
82 208 93 208
82 209 87 210
82 214 85 216
82 237 82 248
83 2 94 2
83 3 88 4
83 5 94 5
83 19 85 22
83 35 94 35
83 57 94 57
83 59 85 62
83 73 85 76
83 96 83 107
83 118 94 118
83 119 86 121
83 126 84 131
83 151 94 151
83 171 94 171
83 188 83 199
83 202 85 205
83 212 94 212
83 224 84 229
83 237 83 248
84 7 85 12
84 26 86 29
84 30 89 31
84 33 89 34
84 39 86 42
84 43 85 48
84 51 85 56
84 81 89 82
84 83 85 88
84 95 84 106
84 107 95 107
84 110 95 110
84 111 85 116
84 139 86 142
84 144 87 146
84 159 84 170
84 177 85 182
84 187 84 198
84 199 95 199
84 217 86 220
84 221 95 221
84 233 86 236
84 237 84 248
84 249 89 250
85 63 86 68
85 77 90 78
85 90 87 93
85 95 85 106
85 126 87 129
85 130 96 130
85 131 96 131
85 133 87 136
85 137 96 137
85 147 90 148
85 149 96 149
85 153 88 155
85 159 85 170
85 174 96 174
85 183 87 186
85 187 86 192
85 193 86 198
85 222 90 223
85 224 90 225
85 226 87 229
85 237 85 248
86 1 97 1
86 6 89 8
86 9 88 12
86 14 89 16
86 19 88 22
86 43 87 48
86 51 87 56
86 58 88 61
86 73 88 76
86 83 87 88
86 95 86 106
86 111 89 113
86 114 89 116
86 122 91 123
86 156 89 158
86 159 86 170
86 176 88 179
86 180 89 182
86 200 87 205
86 211 97 211
86 213 88 216
86 232 97 232
86 237 86 248
87 24 88 29
87 39 89 42
87 49 92 50
87 62 98 62
87 63 88 68
87 95 87 106
87 119 90 121
87 139 89 142
87 159 87 170
87 187 87 198
87 206 98 206
87 217 89 220
87 231 98 231
87 233 89 236
87 237 87 248
88 37 93 38
88 43 89 48
88 51 89 56
88 83 89 88
88 90 90 93
88 95 88 106
88 124 89 129
88 132 90 135
88 136 99 136
88 143 90 146
88 159 88 170
88 183 88 194
88 195 90 198
88 200 93 201
88 202 90 205
88 209 93 210
88 226 90 229
88 237 93 238
88 239 89 244
88 245 90 248
89 3 94 4
89 9 91 12
89 19 91 22
89 24 90 29
89 58 91 61
89 63 90 68
89 71 100 71
89 73 91 76
89 80 100 80
89 94 89 105
89 106 100 106
89 150 100 150
89 153 92 155
89 159 89 170
89 176 91 179
89 183 89 194
89 213 91 216
90 6 93 8
90 14 93 16
90 30 101 30
90 31 92 34
90 36 101 36
90 39 92 42
90 43 91 48
90 51 91 56
90 81 95 82
90 83 91 88
90 94 90 105
90 111 91 116
90 124 91 129
90 139 92 142
90 156 93 158
90 159 90 170
90 173 101 173
90 180 90 191
90 192 95 193
90 217 92 220
90 233 92 236
90 239 91 244
90 249 95 250
91 23 102 23
91 24 92 29
91 63 92 68
91 77 96 78
91 90 91 101
91 102 102 102
91 103 94 105
91 109 102 109
91 117 102 117
91 119 94 121
91 132 93 135
91 143 92 148
91 159 91 170
91 180 91 191
91 195 93 198
91 202 93 205
91 222 102 222
91 223 102 223
91 224 92 229
91 245 93 248
92 9 94 12
92 17 93 22
92 43 93 48
92 51 93 56
92 58 94 61
92 72 103 72
92 73 94 76
92 83 97 84
92 85 94 88
92 90 92 101
92 111 93 116
92 122 97 123
92 124 93 129
92 159 92 170
92 176 92 187
92 188 94 191
92 194 103 194
92 213 94 216
92 230 103 230
92 239 93 244
93 13 104 13
93 24 94 29
93 31 95 34
93 39 95 42
93 49 98 50
93 63 94 68
93 79 104 79
93 90 93 101
93 108 104 108
93 139 94 144
93 145 95 148
93 152 95 155
93 159 93 170
93 172 104 172
93 176 93 187
93 217 95 220
93 224 94 229
93 233 95 236
94 6 97 8
94 14 95 19
94 20 97 22
94 37 99 38
94 43 95 48
94 51 96 54
94 55 99 56
94 69 99 70
94 89 94 100
94 101 105 101
94 111 95 116
94 124 95 129
94 132 96 135
94 156 95 161
94 162 97 164
94 165 95 170
94 175 105 175
94 176 95 181
94 182 95 187
94 195 96 198
94 200 95 205
94 207 96 210
94 237 99 238
94 239 96 242
94 243 95 248
95 2 97 5
95 9 97 12
95 24 96 29
95 35 106 35
95 57 106 57
95 58 97 61
95 63 96 68
95 73 100 74
95 75 106 75
95 76 106 76
95 85 97 88
95 89 95 100
95 103 98 105
95 118 106 118
95 119 98 121
95 139 97 142
95 143 100 144
95 171 106 171
95 188 106 188
95 189 98 191
95 212 97 215
95 224 96 229
96 14 97 19
96 31 98 34
96 39 101 40
96 41 101 42
96 43 97 48
96 81 101 82
96 89 96 100
96 107 107 107
96 111 97 116
96 124 97 129
96 138 107 138
96 145 98 148
96 151 98 154
96 155 97 160
96 161 107 161
96 165 97 170
96 176 101 177
96 178 99 180
96 181 99 183
96 184 98 187
96 192 101 193
96 199 107 199
96 200 97 205
96 216 97 221
96 233 98 236
96 243 97 248
96 249 101 250
97 24 98 29
97 51 99 54
97 63 98 68
97 77 102 78
97 89 98 94
97 95 98 100
97 130 98 135
97 137 108 137
97 149 108 149
97 174 108 174
97 195 99 198
97 207 102 208
97 209 102 210
97 224 98 229
97 239 99 242
98 1 98 12
98 14 101 16
98 17 99 22
98 43 99 48
98 58 100 61
98 83 99 88
98 111 99 116
98 122 103 123
98 124 99 129
98 139 100 142
98 155 103 156
98 157 100 160
98 162 101 164
98 165 99 170
98 200 99 205
98 211 100 214
98 216 99 221
98 232 109 232
98 243 99 248
99 1 99 12
99 24 100 29
99 31 101 34
99 49 104 50
99 62 100 67
99 89 99 100
99 103 102 105
99 110 110 110
99 119 102 121
99 130 100 135
99 145 101 148
99 151 101 154
99 184 101 187
99 189 102 191
99 206 110 206
99 224 100 229
99 231 110 231
99 233 101 236
100 1 102 4
100 5 105 6
100 7 101 12
100 17 101 22
100 37 105 38
100 43 101 48
100 51 101 56
100 68 103 70
100 83 101 88
100 89 100 100
100 111 101 116
100 124 101 129
100 136 111 136
100 165 101 170
100 178 101 183
100 195 102 198
100 200 101 205
100 215 111 215
100 216 101 221
100 237 100 248
101 24 102 29
101 58 103 61
101 62 102 67
101 73 106 74
101 80 112 80
101 89 101 100
101 106 112 106
101 130 102 135
101 139 106 140
101 141 103 144
101 157 103 160
101 211 103 214
101 224 102 229
101 237 101 248
102 7 103 12
102 14 104 17
102 18 107 19
102 20 105 22
102 30 104 33
102 36 113 36
102 39 104 42
102 43 103 48
102 51 103 56
102 82 102 93
102 94 113 94
102 95 103 100
102 111 107 112
102 113 104 116
102 124 103 129
102 145 104 148
102 151 104 154
102 162 105 164
102 165 103 170
102 176 103 181
102 182 103 187
102 192 107 193
102 200 103 205
102 216 103 221
102 233 102 244
102 245 104 248
103 23 114 23
103 24 108 25
103 26 105 29
103 34 114 34
103 62 104 67
103 77 108 78
103 82 103 93
103 102 105 105
103 109 114 109
103 117 114 117
103 119 106 121
103 130 108 131
103 132 105 135
103 189 106 191
103 195 105 198
103 207 105 210
103 222 114 222
103 223 114 223
103 224 104 229
103 233 103 244
103 249 104 254
104 7 105 12
104 43 105 48
104 51 105 56
104 58 106 61
104 68 106 71
104 72 115 72
104 81 104 92
104 93 115 93
104 95 109 96
104 97 106 100
104 122 109 123
104 124 105 129
104 141 115 141
104 142 107 144
104 150 115 150
104 155 105 160
104 165 105 170
104 176 104 187
104 194 115 194
104 200 105 205
104 211 106 214
104 216 105 221
104 230 115 230
104 233 115 233
104 234 115 234
104 235 106 238
104 239 105 244
105 13 107 16
105 17 116 17
105 30 107 33
105 39 107 42
105 49 110 50
105 62 106 67
105 79 116 79
105 81 105 92
105 108 116 108
105 113 116 113
105 114 108 116
105 145 107 148
105 151 107 154
105 172 116 172
105 176 105 187
105 224 106 229
105 245 107 248
105 249 106 254
106 5 111 6
106 7 107 12
106 20 109 22
106 26 108 29
106 37 111 38
106 43 107 48
106 51 107 56
106 81 106 92
106 101 117 101
106 102 108 105
106 124 107 129
106 132 108 135
106 155 107 160
106 162 109 164
106 165 107 170
106 173 117 173
106 175 106 186
106 187 117 187
106 195 108 198
106 200 107 205
106 207 108 210
106 216 107 221
106 239 107 244
107 35 118 35
107 57 108 62
107 63 110 65
107 66 108 71
107 73 109 76
107 81 107 92
107 97 109 100
107 118 118 118
107 119 112 120
107 139 112 140
107 171 118 171
107 175 107 186
107 188 109 191
107 211 109 214
107 224 108 229
107 235 109 238
107 249 108 254
108 7 110 10
108 11 109 16
108 18 113 19
108 30 110 33
108 39 113 40
108 41 113 42
108 43 109 48
108 51 110 54
108 55 113 56
108 81 108 92
108 107 119 107
108 111 113 112
108 124 109 129
108 138 119 138
108 142 111 144
108 145 110 148
108 151 110 154
108 155 111 157
108 158 110 161
108 165 109 170
108 175 108 186
108 192 113 193
108 199 109 204
108 205 119 205
108 216 109 221
108 239 110 242
108 243 109 248
109 24 112 26
109 27 112 29
109 57 110 62
109 66 110 71
109 77 114 78
109 81 109 92
109 102 111 105
109 114 112 116
109 130 110 135
109 137 120 137
109 149 120 149
109 174 109 185
109 186 120 186
109 195 111 198
109 207 111 210
109 224 110 229
109 249 110 254
110 11 111 16
110 20 113 22
110 43 111 48
110 73 112 76
110 81 110 92
110 95 111 100
110 121 113 123
110 124 111 129
110 162 111 167
110 168 121 168
110 169 115 170
110 174 110 185
110 188 112 191
110 199 111 204
110 211 112 214
110 216 111 221
110 235 112 238
110 243 111 248
111 7 122 7
111 8 116 9
111 30 113 33
111 49 112 54
111 57 114 59
111 60 111 71
111 81 111 92
111 110 122 110
111 130 112 135
111 145 113 148
111 151 113 154
111 158 113 161
111 174 111 185
111 224 112 229
111 231 116 232
111 239 113 242
111 249 112 254
112 5 117 6
112 11 113 16
112 37 117 38
112 43 115 45
112 46 115 48
112 60 112 71
112 81 112 92
112 95 113 100
112 102 114 105
112 124 113 129
112 136 123 136
112 142 115 144
112 155 115 157
112 162 113 167
112 174 112 185
112 195 113 200
112 201 114 204
112 206 114 209
112 215 113 220
112 221 123 221
112 243 113 248
113 24 118 25
113 26 115 29
113 49 114 54
113 60 113 71
113 73 115 76
113 80 116 82
113 83 115 86
113 87 114 92
113 114 116 116
113 119 118 120
113 130 114 135
113 139 118 140
113 174 113 185
113 188 115 191
113 210 118 211
113 212 116 214
113 224 114 229
113 235 115 238
113 249 114 254
114 10 125 10
114 11 115 16
114 18 116 21
114 22 125 22
114 30 116 33
114 39 125 39
114 40 125 40
114 41 125 41
114 42 125 42
114 55 119 56
114 60 114 71
114 94 115 99
114 100 125 100
114 106 125 106
114 111 119 112
114 121 119 122
114 123 115 128
114 129 125 129
114 145 116 148
114 151 116 154
114 158 116 161
114 162 115 167
114 174 114 185
114 192 119 193
114 195 116 198
114 199 119 200
114 215 115 220
114 239 115 244
114 245 116 248
115 1 117 4
115 23 126 23
115 34 126 34
115 36 126 36
115 49 116 54
115 57 120 58
115 59 115 70
115 71 126 71
115 77 126 77
115 78 126 78
115 87 116 92
115 102 117 105
115 109 126 109
115 117 126 117
115 130 116 135
115 174 115 185
115 201 117 204
115 206 117 209
115 222 120 223
115 224 116 229
115 249 120 250
116 11 117 16
116 26 121 27
116 28 121 29
116 43 117 48
116 59 116 70
116 72 127 72
116 73 118 76
116 83 118 86
116 93 117 98
116 99 127 99
116 123 117 128
116 141 118 144
116 155 119 157
116 162 121 163
116 164 118 167
116 169 121 170
116 174 116 185
116 188 118 191
116 215 117 220
116 230 127 230
116 233 116 244
117 8 122 9
117 17 128 17
117 18 119 21
117 30 119 33
117 49 118 54
117 59 117 70
117 79 119 82
117 87 118 92
117 108 128 108
117 113 119 116
117 130 128 130
117 131 122 132
117 133 128 133
117 134 122 135
117 145 119 148
117 151 119 154
117 158 119 161
117 172 128 172
117 174 117 185
117 194 119 197
117 198 128 198
117 212 120 214
117 224 118 229
117 231 118 236
117 237 117 248
118 1 123 2
118 3 120 6
118 11 119 16
118 37 123 38
118 43 119 48
118 59 118 70
118 93 119 98
118 101 129 101
118 102 120 105
118 123 123 124
118 125 120 128
118 173 118 184
118 185 129 185
118 187 129 187
118 201 120 204
118 206 123 207
118 208 123 209
118 215 119 220
118 237 118 248
119 24 124 25
119 35 130 35
119 49 122 51
119 52 122 54
119 59 119 70
119 73 121 76
119 83 121 86
119 87 120 92
119 118 122 120
119 139 120 144
119 164 121 167
119 171 130 171
119 173 119 184
119 188 121 191
119 210 124 211
119 224 130 224
119 225 121 228
119 229 130 229
119 231 120 236
119 237 119 248
120 11 121 16
120 18 122 21
120 30 122 33
120 43 121 48
120 55 125 56
120 59 120 70
120 79 122 82
120 93 121 98
120 107 131 107
120 111 121 116
120 121 125 122
120 145 123 147
120 150 120 161
120 173 120 184
120 192 121 197
120 199 125 200
120 205 131 205
120 215 121 220
120 237 120 248
121 3 123 6
121 57 121 68
121 69 126 70
121 87 122 92
121 102 123 105
121 125 123 128
121 137 126 138
121 139 122 144
121 148 121 159
121 160 126 161
121 173 121 184
121 186 132 186
121 201 132 201
121 202 124 204
121 212 124 214
121 222 126 223
121 231 122 236
121 237 121 248
121 249 126 250
122 11 123 16
122 26 124 29
122 43 123 48
122 57 122 68
122 73 124 76
122 83 124 86
122 93 123 98
122 111 123 116
122 148 122 159
122 162 125 164
122 165 123 170
122 173 122 184
122 188 124 191
122 192 123 197
122 215 124 218
122 219 127 220
122 225 124 228
122 237 123 242
122 243 123 248
123 7 126 9
123 18 125 21
123 30 125 33
123 49 124 54
123 57 123 68
123 80 126 82
123 87 124 92
123 110 134 110
123 118 126 120
123 131 134 131
123 132 134 132
123 134 128 135
123 139 124 144
123 148 123 159
123 173 124 178
123 179 124 184
123 231 124 236
124 1 125 6
124 11 125 16
124 37 129 38
124 43 125 48
124 57 125 62
124 63 125 68
124 93 125 98
124 102 126 105
124 111 126 114
124 115 135 115
124 116 135 116
124 123 125 128
124 136 135 136
124 145 124 156
124 157 127 159
124 165 125 170
124 192 125 197
124 206 126 209
124 221 135 221
124 237 125 242
124 243 125 248
125 24 126 29
125 49 126 54
125 73 127 76
125 83 126 88
125 89 127 92
125 139 126 144
125 145 125 156
125 173 126 178
125 179 126 184
125 188 127 191
125 202 130 203
125 204 136 204
125 210 126 215
125 216 136 216
125 217 130 218
125 225 127 228
125 231 126 236
126 1 127 6
126 10 127 15
126 16 137 16
126 18 128 21
126 22 137 22
126 30 128 33
126 39 127 44
126 45 128 48
126 55 126 66
126 67 131 68
126 93 127 98
126 100 137 100
126 106 137 106
126 121 137 121
126 122 131 123
126 124 127 129
126 145 126 156
126 162 129 164
126 165 127 170
126 192 127 197
126 199 131 200
126 237 126 248
127 7 130 9
127 24 128 29
127 34 138 34
127 36 138 36
127 49 127 60
127 61 128 66
127 69 130 71
127 77 127 88
127 102 129 105
127 109 138 109
127 111 129 114
127 117 138 117
127 118 132 119
127 120 138 120
127 137 132 138
127 139 128 144
127 145 138 145
127 146 138 146
127 147 138 147
127 148 130 150
127 151 128 156
127 160 132 161
127 173 127 184
127 206 128 211
127 212 138 212
127 213 130 215
127 222 132 223
127 231 128 236
127 237 127 248
127 249 132 250
128 1 133 2
128 3 130 6
128 10 131 12
128 14 133 15
128 39 133 40
128 41 130 44
128 49 128 60
128 72 130 75
128 76 133 77
128 78 130 81
128 82 129 87
128 88 128 99
128 124 129 129
128 157 131 159
128 165 129 170
128 173 128 184
128 188 130 191
128 192 129 197
128 219 133 220
128 225 130 228
128 230 139 230
128 237 128 248
129 18 131 21
129 23 129 33
129 45 129 56
129 57 131 60
129 61 130 66
129 88 129 99
129 108 140 108
129 130 140 130
129 133 134 134
129 135 140 135
129 139 130 144
129 151 130 156
129 173 130 178
129 179 130 184
129 198 140 198
129 206 130 211
129 231 130 236
129 237 129 248
130 23 141 23
130 24 131 29
130 30 132 33
130 37 135 38
130 45 130 56
130 82 131 87
130 88 130 99
130 101 141 101
130 102 132 105
130 111 132 114
130 124 131 129
130 162 133 164
130 165 131 170
130 185 141 185
130 187 141 187
130 192 131 197
130 237 130 248
131 3 142 3
131 4 132 9
131 13 142 13
131 35 142 35
131 41 131 52
131 53 133 56
131 61 132 66
131 69 132 74
131 75 142 75
131 78 133 81
131 88 131 99
131 139 132 144
131 148 134 150
131 151 132 156
131 171 131 182
131 183 142 183
131 184 142 184
131 188 133 191
131 202 136 203
131 206 132 211
131 213 134 215
131 217 136 218
131 224 132 229
131 231 132 236
131 237 132 242
131 243 132 248
132 10 137 11
132 17 135 19
132 20 137 21
132 24 133 29
132 41 133 46
132 47 137 48
132 49 134 52
132 57 134 60
132 67 137 68
132 82 133 87
132 88 132 99
132 107 143 107
132 122 137 123
132 124 134 127
132 128 137 129
132 157 135 159
132 165 133 170
132 171 132 182
132 192 133 197
132 199 137 200
133 4 134 9
133 30 144 30
133 31 138 32
133 61 134 66
133 69 134 74
133 88 133 99
133 102 135 105
133 111 138 112
133 113 138 114
133 118 144 118
133 119 144 119
133 137 135 140
133 141 135 144
133 151 134 156
133 160 138 161
133 171 133 182
133 186 144 186
133 201 144 201
133 205 134 210
133 211 144 211
133 222 135 225
133 226 135 229
133 231 134 236
133 237 133 248
133 249 138 250
134 1 139 2
134 12 145 12
134 14 139 15
134 24 135 29
134 39 135 44
134 45 145 45
134 46 145 46
134 53 136 56
134 76 134 87
134 88 134 99
134 162 137 164
134 165 135 170
134 171 134 182
134 188 139 189
134 190 135 195
134 196 139 197
134 219 139 220
134 237 134 248
135 4 136 9
135 49 137 52
135 57 136 62
135 63 137 66
135 69 136 74
135 76 135 87
135 88 135 99
135 124 137 127
135 131 137 134
135 148 136 153
135 154 138 156
135 171 135 182
135 205 136 210
135 213 138 215
135 231 136 236
135 237 135 248
136 17 139 19
136 24 137 29
136 37 138 40
136 41 147 41
136 42 139 44
136 76 137 81
136 82 141 83
136 84 138 87
136 88 136 99
136 102 138 105
136 115 141 116
136 136 139 138
136 139 137 144
136 157 139 159
136 165 137 170
136 171 136 182
136 190 137 195
136 221 137 226
136 227 139 229
136 237 137 242
136 243 137 248
137 4 138 9
137 53 138 58
137 59 139 62
137 69 138 74
137 88 139 91
137 92 139 95
137 96 139 99
137 148 138 153
137 171 137 182
137 202 140 204
137 205 138 210
137 216 140 218
137 231 138 236
138 10 143 11
138 16 149 16
138 20 141 22
138 24 139 29
138 47 141 49
138 50 141 52
138 63 143 64
138 65 140 68
138 76 139 81
138 100 149 100
138 106 149 106
138 121 141 123
138 124 139 129
138 131 140 134
138 139 139 144
138 162 139 167
138 168 138 179
138 180 149 180
138 181 143 182
138 190 139 195
138 199 143 200
138 221 139 226
138 237 138 248
139 4 140 9
139 31 141 34
139 36 142 38
139 39 144 40
139 53 144 54
139 55 141 58
139 69 144 70
139 71 141 74
139 84 141 87
139 102 141 105
139 109 140 114
139 117 150 117
139 120 150 120
139 145 139 156
139 160 144 161
139 168 139 179
139 205 140 210
139 212 141 215
139 231 140 236
139 237 139 248
139 249 144 250
140 1 145 2
140 14 145 15
140 17 143 19
140 24 141 29
140 42 143 44
140 59 142 62
140 76 141 81
140 88 140 99
140 124 141 129
140 136 143 138
140 139 140 150
140 151 145 152
140 153 142 156
140 157 143 159
140 162 141 167
140 168 140 179
140 188 151 188
140 189 143 191
140 192 141 197
140 219 140 230
140 237 140 248
141 4 142 9
141 65 143 68
141 88 141 99
141 108 143 111
141 112 144 114
141 130 142 135
141 139 141 150
141 168 141 179
141 198 152 198
141 202 142 207
141 208 144 210
141 216 142 221
141 222 144 224
141 225 141 236
141 237 141 248
142 20 144 23
142 24 143 29
142 31 144 34
142 47 143 52
142 55 144 58
142 71 144 74
142 76 142 87
142 88 142 99
142 101 153 101
142 102 144 105
142 115 147 116
142 121 145 123
142 124 143 129
142 139 142 150
142 162 143 167
142 168 142 179
142 187 153 187
142 192 143 197
142 212 144 215
142 225 147 226
142 227 143 232
142 233 144 236
142 237 142 248
143 3 154 3
143 4 144 9
143 13 154 13
143 35 145 38
143 59 145 62
143 75 143 86
143 87 144 92
143 93 154 93
143 94 144 99
143 130 144 135
143 139 143 150
143 153 145 156
143 168 143 179
143 183 146 185
143 202 144 207
143 216 144 221
143 237 143 248
144 10 149 11
144 17 149 18
144 19 155 19
144 24 145 29
144 42 147 44
144 47 145 52
144 63 145 68
144 75 144 86
144 107 146 110
144 124 145 129
144 136 144 147
144 148 147 150
144 157 147 159
144 162 144 173
144 174 145 179
144 181 149 182
144 189 147 191
144 192 145 197
144 199 149 200
144 227 145 232
144 237 144 248
145 4 146 9
145 20 147 23
145 30 156 30
145 31 147 34
145 39 150 40
145 53 146 58
145 69 145 80
145 81 145 92
145 94 146 99
145 102 147 105
145 111 147 114
145 118 150 119
145 130 146 135
145 136 145 147
145 160 146 165
145 166 146 171
145 172 150 173
145 186 156 186
145 201 156 201
145 202 156 202
145 203 147 206
145 207 146 212
145 213 145 224
145 233 145 244
145 245 147 248
145 249 150 250
146 1 151 2
146 12 157 12
146 14 151 15
146 24 147 29
146 35 148 38
146 45 157 45
146 46 157 46
146 47 147 52
146 59 157 59
146 60 157 60
146 61 148 64
146 65 146 76
146 77 148 80
146 81 146 92
146 121 149 123
146 124 147 129
146 136 146 147
146 151 147 156
146 174 151 175
146 176 148 179
146 192 147 197
146 213 146 224
146 227 147 232
146 233 146 244
147 4 148 9
147 53 148 58
147 65 148 70
147 71 148 76
147 81 147 92
147 94 148 99
147 107 149 110
147 130 147 141
147 142 148 147
147 160 147 171
147 183 152 184
147 207 152 208
147 209 148 214
147 215 149 218
147 219 148 224
147 233 147 244
148 20 151 22
148 23 159 23
148 24 149 29
148 31 150 34
148 41 150 44
148 47 149 52
148 81 148 92
148 102 150 105
148 111 149 116
148 124 148 135
148 136 149 141
148 148 148 159
148 160 148 171
148 189 151 191
148 192 149 197
148 203 150 206
148 225 148 236
148 237 148 248
149 4 150 9
149 35 151 38
149 53 150 58
149 61 151 64
149 65 149 76
149 77 149 88
149 89 160 89
149 90 160 90
149 91 160 91
149 92 160 92
149 94 150 99
149 124 149 135
149 142 149 153
149 154 149 165
149 166 150 171
149 176 151 179
149 209 150 214
149 219 149 230
149 231 150 236
149 237 149 248
150 10 155 11
150 16 153 18
150 24 155 25
150 26 152 29
150 47 151 52
150 65 150 76
150 77 150 88
150 100 161 100
150 106 152 109
150 111 151 116
150 121 150 132
150 133 150 144
150 145 150 156
150 157 155 158
150 159 161 159
150 160 151 165
150 180 153 182
150 185 161 185
150 192 151 197
150 199 155 200
150 215 150 226
150 227 152 230
150 237 151 242
150 243 151 248
151 0 162 0
151 4 152 9
151 31 153 34
151 39 152 44
151 53 152 58
151 65 151 76
151 77 151 88
151 94 152 99
151 102 153 105
151 117 151 128
151 129 151 140
151 141 154 143
151 144 151 155
151 156 162 156
151 166 156 167
151 168 152 173
151 203 153 206
151 209 152 214
151 215 151 226
151 231 152 236
152 1 157 2
152 14 157 15
152 20 155 22
152 35 154 38
152 47 153 52
152 61 152 72
152 73 153 78
152 79 153 84
152 85 154 88
152 110 152 121
152 122 163 122
152 123 152 134
152 135 153 140
152 144 152 155
152 160 153 165
152 174 157 175
152 176 155 178
152 179 163 179
152 188 154 191
152 192 153 197
152 215 152 226
152 237 152 248
153 4 154 9
153 26 155 29
153 39 154 44
153 53 154 58
153 61 154 66
153 67 154 72
153 94 154 99
153 106 155 109
153 110 153 121
153 123 158 124
153 125 155 128
153 129 154 134
153 144 153 155
153 168 164 168
153 169 156 171
153 172 158 173
153 183 158 184
153 198 164 198
153 207 153 218
153 219 154 224
153 225 153 236
153 237 153 248
154 16 157 18
154 31 156 34
154 47 155 52
154 73 154 84
154 101 156 104
154 110 154 121
154 135 155 140
154 144 154 155
154 160 155 165
154 180 157 182
154 187 165 187
154 192 155 197
154 203 154 214
154 215 156 218
154 225 154 236
154 237 154 248
155 3 157 6
155 7 158 9
155 13 166 13
155 35 157 38
155 39 156 44
155 53 156 58
155 61 157 64
155 65 155 76
155 77 155 88
155 93 166 93
155 94 156 99
155 110 155 121
155 129 156 134
155 141 155 152
155 153 158 155
155 188 157 191
155 203 155 214
155 219 156 224
155 225 155 236
155 237 155 248
156 10 161 11
156 19 158 22
156 24 157 29
156 47 157 52
156 65 156 76
156 77 156 88
156 105 156 116
156 117 167 117
156 118 158 121
156 125 158 128
156 135 157 140
156 141 156 152
156 157 161 158
156 160 157 165
156 176 167 176
156 177 161 178
156 192 157 197
156 199 161 200
156 203 156 214
156 225 156 236
156 237 156 248
157 30 168 30
157 31 159 34
157 39 158 44
157 53 158 58
157 65 157 76
157 77 157 88
157 94 158 99
157 101 159 104
157 105 157 116
157 129 158 134
157 141 157 152
157 166 162 167
157 169 160 171
157 201 157 212
157 213 157 224
157 225 157 236
157 237 157 248
158 1 159 6
158 12 169 12
158 14 169 14
158 15 160 18
158 24 159 29
158 35 160 38
158 45 159 50
158 51 163 52
158 59 161 61
158 62 159 67
158 68 158 79
158 80 161 82
158 83 159 88
158 105 158 116
158 135 158 146
158 147 159 152
158 160 159 165
158 174 163 175
158 180 161 182
158 188 160 191
158 192 159 197
158 201 158 212
158 213 158 224
158 225 158 236
158 237 158 248
159 7 162 9
159 19 161 22
159 39 160 44
159 53 160 58
159 68 159 79
159 94 160 99
159 105 159 116
159 118 161 121
159 123 159 134
159 135 159 146
159 153 162 155
159 172 164 173
159 183 164 184
159 201 159 212
159 213 159 224
159 225 159 236
159 237 159 248
160 1 161 6
160 23 171 23
160 24 161 29
160 31 165 32
160 33 165 34
160 45 161 50
160 62 161 67
160 68 160 79
160 83 161 88
160 101 160 112
160 113 165 114
160 115 165 116
160 123 161 128
160 129 160 140
160 141 160 152
160 160 161 165
160 192 161 197
160 201 161 206
160 207 160 218
160 219 161 224
160 225 160 236
160 237 160 248
161 15 163 18
161 35 166 36
161 37 163 40
161 41 163 44
161 53 162 58
161 68 161 79
161 89 163 92
161 94 162 99
161 101 161 112
161 129 162 134
161 135 162 140
161 141 161 152
161 169 164 171
161 188 163 191
161 207 161 218
161 225 162 230
161 231 162 236
161 237 161 248
162 1 163 6
162 10 167 11
162 19 173 19
162 20 165 22
162 24 163 29
162 45 163 50
162 59 162 70
162 71 163 76
162 77 162 88
162 100 162 111
162 112 173 112
162 118 164 121
162 123 163 128
162 141 163 146
162 147 163 152
162 157 163 162
162 163 165 165
162 177 167 178
162 180 165 182
162 185 167 186
162 192 163 197
162 199 162 210
162 211 162 222
162 223 167 224
162 237 162 248
163 7 166 9
163 53 163 64
163 65 164 70
163 77 163 88
163 94 164 99
163 100 163 111
163 129 165 132
163 133 168 134
163 135 164 140
163 153 165 156
163 166 168 167
163 199 163 210
163 211 163 222
163 225 163 236
163 237 163 248
163 249 168 250
164 1 165 6
164 15 166 18
164 24 165 29
164 37 166 40
164 41 164 52
164 53 164 64
164 71 175 71
164 72 169 73
164 74 166 77
164 78 164 89
164 90 167 92
164 100 164 111
164 122 167 124
164 125 166 128
164 141 164 152
164 157 165 162
164 174 169 175
164 179 175 179
164 188 165 193
164 194 166 197
164 199 164 210
164 211 164 222
164 225 164 236
164 237 164 248
165 41 166 46
165 47 165 58
165 59 165 70
165 78 166 83
165 84 166 89
165 94 166 99
165 100 165 111
165 118 167 121
165 135 165 146
165 147 166 152
165 168 166 173
165 183 170 184
165 199 165 210
165 211 165 222
165 225 165 236
165 237 165 248
166 1 167 6
166 20 169 22
166 24 167 29
166 31 168 34
166 47 166 58
166 59 166 70
166 100 166 111
166 113 168 116
166 129 168 132
166 135 166 146
166 153 166 164
166 165 177 165
166 180 169 182
166 187 167 192
166 199 166 210
166 211 166 222
166 225 166 236
166 237 166 248
167 7 170 9
167 13 178 13
167 15 169 18
167 35 167 46
167 47 168 52
167 53 167 64
167 65 168 70
167 74 167 85
167 86 169 89
167 93 167 104
167 105 178 105
167 106 178 106
167 107 178 107
167 108 169 111
167 125 169 128
167 135 168 140
167 141 167 152
167 153 167 164
167 168 168 173
167 193 167 204
167 205 167 216
167 217 168 222
167 225 167 236
167 237 167 248
168 1 169 6
168 10 173 11
168 24 169 29
168 35 168 46
168 53 168 64
168 74 168 85
168 90 171 92
168 93 168 104
168 117 173 118
168 119 169 124
168 141 168 152
168 153 168 164
168 176 171 178
168 185 170 188
168 189 168 200
168 201 168 212
168 213 170 216
168 223 170 226
168 227 170 230
168 231 169 236
168 237 168 248
169 30 174 31
169 32 170 37
169 38 169 49
169 50 169 61
169 62 174 63
169 64 172 66
169 67 171 70
169 74 169 85
169 93 169 104
169 113 171 116
169 129 169 140
169 141 169 152
169 153 169 164
169 166 174 167
169 168 170 173
169 189 169 200
169 201 169 212
169 217 170 222
169 237 169 248
169 249 174 250
170 1 171 6
170 12 181 12
170 14 172 17
170 20 173 22
170 24 171 29
170 38 170 49
170 50 170 61
170 72 171 77
170 78 170 89
170 93 170 104
170 108 172 111
170 119 172 122
170 123 171 128
170 129 170 140
170 141 170 152
170 153 170 164
170 174 175 175
170 180 173 182
170 189 170 200
170 201 171 206
170 207 171 212
170 231 170 242
170 243 171 248
171 7 182 7
171 8 176 9
171 18 182 18
171 32 172 37
171 38 171 49
171 50 171 61
171 78 172 83
171 84 172 89
171 93 171 104
171 129 171 140
171 141 171 152
171 153 171 164
171 168 172 173
171 183 171 194
171 195 172 200
171 213 171 224
171 225 171 236
171 237 172 242
172 1 173 6
172 23 183 23
172 24 173 29
172 38 183 38
172 39 172 50
172 51 183 51
172 52 174 55
172 56 173 61
172 67 174 70
172 72 173 77
172 90 175 92
172 93 173 98
172 99 173 104
172 113 174 116
172 123 173 128
172 129 172 140
172 141 172 152
172 153 173 158
172 159 173 164
172 176 175 178
172 183 173 188
172 189 173 194
172 201 173 206
172 207 173 212
172 213 172 224
172 225 173 230
172 231 173 236
172 243 173 248
173 14 175 17
173 32 174 37
173 39 173 50
173 64 176 66
173 78 173 89
173 108 175 111
173 119 176 121
173 129 173 140
173 141 178 142
173 143 174 148
173 149 175 152
173 168 174 173
173 195 174 200
173 213 173 224
173 237 174 242
174 1 175 6
174 10 179 11
174 19 176 22
174 24 175 29
174 39 175 44
174 45 179 46
174 47 176 50
174 56 175 61
174 72 175 77
174 78 174 89
174 93 174 104
174 112 185 112
174 117 179 118
174 123 175 128
174 129 174 140
174 153 174 164
174 180 175 185
174 186 177 188
174 189 175 194
174 201 174 212
174 213 174 224
174 225 174 236
174 243 175 248
175 30 180 31
175 32 176 37
175 52 180 53
175 54 180 55
175 62 180 63
175 67 177 70
175 78 175 89
175 93 175 104
175 113 177 116
175 129 175 140
175 143 176 148
175 153 175 164
175 166 177 169
175 170 177 173
175 195 175 206
175 207 175 218
175 219 175 230
175 231 175 242
175 249 180 250
176 1 177 6
176 14 178 17
176 24 177 29
176 39 177 44
176 56 181 57
176 58 178 61
176 71 176 82
176 83 176 94
176 95 178 98
176 99 177 104
176 108 178 111
176 123 176 134
176 135 181 136
176 137 178 140
176 149 176 160
176 161 178 164
176 174 176 185
176 189 176 200
176 201 176 212
176 213 176 224
176 225 176 236
176 237 176 248
177 8 182 9
177 19 179 22
177 32 178 37
177 47 179 50
177 64 180 66
177 71 177 82
177 83 177 94
177 119 177 130
177 131 179 134
177 143 178 148
177 149 177 160
177 174 177 185
177 189 177 200
177 201 177 212
177 213 177 224
177 225 177 236
177 237 177 248
178 1 189 1
178 2 183 3
178 4 181 6
178 24 179 29
178 39 180 42
178 43 183 44
178 68 178 79
178 80 178 91
178 92 189 92
178 93 183 94
178 99 179 104
178 113 180 116
178 119 178 130
178 149 178 160
178 165 178 176
178 177 179 182
178 183 178 194
178 195 178 206
178 207 179 212
178 213 178 224
178 225 178 236
178 237 178 248
179 13 181 16
179 32 180 37
179 58 181 61
179 68 179 79
179 80 179 91
179 95 181 98
179 105 180 110
179 111 190 111
179 119 179 130
179 137 181 140
179 141 179 152
179 153 179 164
179 165 182 167
179 168 180 173
179 174 182 176
179 183 179 194
179 195 179 206
179 213 179 224
179 225 179 236
179 237 179 248
180 10 185 11
180 19 182 22
180 24 181 29
180 45 183 47
180 48 183 50
180 68 180 79
180 80 180 91
180 99 181 104
180 117 181 122
180 123 180 134
180 141 180 152
180 153 180 164
180 177 191 177
180 178 185 179
180 180 183 182
180 183 181 188
180 189 180 200
180 201 180 212
180 213 180 224
180 225 180 236
180 237 180 248
181 30 186 31
181 32 182 37
181 39 183 42
181 52 183 55
181 62 182 67
181 68 181 79
181 80 181 91
181 105 182 110
181 113 183 116
181 123 182 128
181 129 182 134
181 141 182 146
181 147 182 152
181 153 181 164
181 168 182 173
181 189 181 200
181 201 182 206
181 207 181 218
181 219 181 230
181 231 182 236
181 237 181 248
181 249 186 250
182 4 185 6
182 12 183 17
182 24 183 29
182 56 183 61
182 68 182 79
182 80 182 91
182 95 183 100
182 101 184 104
182 117 183 122
182 135 183 140
182 153 185 155
182 156 185 158
182 159 183 164
182 183 183 188
182 189 182 200
182 207 182 218
182 219 182 230
182 237 182 248
183 7 186 9
183 18 185 21
183 32 184 37
183 62 183 73
183 74 184 79
183 80 184 85
183 86 184 91
183 105 184 110
183 123 183 134
183 141 183 152
183 165 183 176
183 189 183 200
183 201 183 212
183 213 183 224
183 225 183 236
183 237 183 248
184 2 189 3
184 12 189 13
184 14 189 15
184 16 189 17
184 22 189 23
184 24 185 29
184 38 184 49
184 50 184 61
184 62 184 73
184 93 185 98
184 99 189 100
184 113 184 124
184 125 184 136
184 137 184 148
184 149 186 152
184 159 185 164
184 165 184 176
184 180 187 182
184 183 184 194
184 195 184 206
184 207 185 212
184 213 184 224
184 225 184 236
184 237 184 248
185 32 186 37
185 38 186 43
185 44 185 55
185 56 185 67
185 68 185 79
185 80 190 81
185 82 187 85
185 86 186 91
185 101 187 104
185 105 186 110
185 113 185 124
185 125 185 136
185 137 185 148
185 165 185 176
185 183 190 184
185 185 185 196
185 197 187 200
185 201 186 206
185 213 185 224
185 225 185 236
185 237 185 248
186 4 189 6
186 10 191 11
186 18 188 21
186 24 187 29
186 44 186 55
186 56 186 67
186 68 186 79
186 93 187 98
186 113 186 124
186 125 191 126
186 127 187 132
186 133 186 144
186 145 188 148
186 153 186 164
186 165 186 176
186 178 191 179
186 185 187 190
186 191 188 194
186 195 191 196
186 207 187 212
186 213 186 224
186 225 186 236
186 237 186 248
187 7 190 9
187 30 188 35
187 36 187 47
187 48 187 59
187 60 188 65
187 66 187 77
187 78 192 79
187 86 188 91
187 105 188 110
187 112 188 117
187 118 198 118
187 119 188 124
187 133 187 144
187 149 188 154
187 155 187 166
187 167 189 170
187 171 188 176
187 201 188 206
187 213 187 224
187 225 187 236
187 237 187 248
187 249 192 250
188 24 189 29
188 36 188 47
188 48 188 59
188 66 188 77
188 82 190 85
188 93 189 98
188 101 190 104
188 127 189 132
188 133 189 138
188 139 189 144
188 155 188 166
188 180 191 182
188 185 190 188
188 189 193 190
188 197 190 200
188 207 189 212
188 213 188 224
188 225 188 236
188 237 188 248
189 18 191 21
189 30 189 41
189 42 189 53
189 54 189 65
189 66 189 77
189 86 190 91
189 105 190 110
189 112 190 117
189 119 190 124
189 145 189 156
189 157 191 160
189 161 190 166
189 171 190 176
189 191 191 194
189 201 190 206
189 213 189 224
189 225 189 236
189 237 189 248
190 1 191 6
190 12 191 17
190 22 195 23
190 24 191 29
190 30 193 32
190 33 190 44
190 45 190 56
190 57 190 68
190 69 193 71
190 72 191 77
190 92 192 95
190 96 192 99
190 127 190 138
190 139 190 150
190 151 191 156
190 167 192 170
190 207 190 218
190 219 190 230
190 231 190 242
190 243 191 248
191 7 194 9
191 33 191 44
191 45 191 56
191 57 191 68
191 80 191 91
191 100 191 111
191 112 192 117
191 119 192 124
191 127 191 138
191 139 191 150
191 161 196 162
191 163 193 166
191 171 192 176
191 183 192 188
191 197 193 200
191 201 192 206
191 207 191 218
191 219 191 230
191 231 191 242
192 1 193 6
192 10 192 21
192 24 193 29
192 33 192 44
192 45 192 56
192 57 192 68
192 72 193 77
192 80 192 91
192 100 192 111
192 125 192 136
192 137 192 148
192 149 192 160
192 177 193 182
192 191 193 196
192 207 193 212
192 213 192 224
192 225 192 236
192 237 192 248
193 10 193 21
193 33 196 35
193 36 194 41
193 42 193 53
193 54 193 65
193 66 196 68
193 78 193 89
193 90 195 93
193 94 193 105
193 106 193 117
193 119 194 124
193 125 193 136
193 137 193 148
193 149 193 160
193 167 194 172
193 173 195 176
193 183 194 188
193 201 194 206
193 213 194 218
193 219 194 224
193 225 193 236
193 237 193 248
193 249 198 250
194 3 196 6
194 10 194 21
194 24 195 29
194 30 197 32
194 42 194 53
194 54 194 65
194 69 195 74
194 75 194 86
194 87 197 89
194 94 195 99
194 100 195 105
194 106 194 117
194 125 194 136
194 137 194 148
194 149 194 160
194 163 196 166
194 177 195 182
194 189 194 200
194 207 195 212
194 225 194 236
194 237 194 248
195 7 195 18
195 19 198 21
195 36 196 41
195 42 195 53
195 54 195 65
195 75 195 86
195 106 195 117
195 119 196 124
195 125 195 136
195 137 196 142
195 143 196 148
195 149 195 160
195 167 196 172
195 183 195 194
195 195 195 206
195 213 195 224
195 225 195 236
195 237 195 248
196 7 196 18
196 22 198 25
196 26 198 29
196 42 196 53
196 54 196 65
196 69 196 80
196 81 197 86
196 90 196 101
196 102 196 113
196 114 198 117
196 125 196 136
196 149 196 160
196 173 197 178
196 179 196 190
196 191 197 196
196 197 196 208
196 209 196 220
196 221 198 224
196 225 196 236
196 237 196 248
197 1 198 6
197 7 197 18
197 33 197 44
197 45 197 56
197 57 197 68
197 69 197 80
197 90 197 101
197 102 197 113
197 119 198 124
197 125 197 136
197 137 197 148
197 149 198 154
197 155 197 166
197 167 198 172
197 179 197 190
197 197 197 208
197 209 197 220
197 225 197 236
197 237 197 248
198 7 198 18
198 30 198 41
198 42 198 53
198 54 198 65
198 66 198 77
198 78 198 89
198 90 198 101
198 102 198 113
198 125 198 136
198 137 198 148
198 155 198 166
198 173 198 184
198 185 198 196
198 197 198 208
198 209 198 220
198 225 198 236
198 237 198 248
199 1 203 2
199 7 200 12
199 17 210 17
199 25 210 25
199 39 200 44
199 45 200 50
199 51 201 53
199 58 201 61
199 84 200 89
199 90 201 93
199 95 210 95
199 96 208 96
199 98 208 98
199 99 207 99
199 105 200 110
199 111 209 111
199 113 209 113
199 130 202 132
199 133 208 133
199 137 200 142
199 143 206 143
199 145 210 145
199 146 204 147
199 150 202 152
199 167 210 167
199 168 201 171
199 172 208 172
199 176 207 176
199 178 210 178
199 189 208 189
199 194 202 196
199 197 202 199
199 208 210 208
199 209 202 210
199 211 204 212
199 214 204 215
199 216 200 221
199 227 202 229
199 230 207 230
199 231 210 231
199 238 208 238
199 239 208 239
199 240 201 242
